

================================================================
== Vivado HLS Report for 'cordiccart2pol'
================================================================
* Date:           Tue Oct 20 19:23:50 2020

* Version:        2020.1 (Build 2897737 on Wed May 27 20:21:37 MDT 2020)
* Project:        cordiccart2pol2
* Solution:       solution1
* Product family: zynq
* Target device:  xc7z020-clg400-1


================================================================
== Performance Estimates
================================================================
+ Timing: 
    * Summary: 
    +--------+----------+----------+------------+
    |  Clock |  Target  | Estimated| Uncertainty|
    +--------+----------+----------+------------+
    |ap_clk  | 10.00 ns | 8.685 ns |   1.25 ns  |
    +--------+----------+----------+------------+

+ Latency: 
    * Summary: 
    +---------+---------+----------+----------+-----+-----+---------+
    |  Latency (cycles) |  Latency (absolute) |  Interval | Pipeline|
    |   min   |   max   |    min   |    max   | min | max |   Type  |
    +---------+---------+----------+----------+-----+-----+---------+
    |       17|       17| 0.170 us | 0.170 us |   17|   17|   none  |
    +---------+---------+----------+----------+-----+-----+---------+

    + Detail: 
        * Instance: 
        N/A

        * Loop: 
        N/A



================================================================
== Utilization Estimates
================================================================
* Summary: 
+-----------------+---------+-------+--------+-------+-----+
|       Name      | BRAM_18K| DSP48E|   FF   |  LUT  | URAM|
+-----------------+---------+-------+--------+-------+-----+
|DSP              |        -|      -|       -|      -|    -|
|Expression       |        -|      -|      80|   9248|    -|
|FIFO             |        -|      -|       -|      -|    -|
|Instance         |        -|      0|     200|    276|    -|
|Memory           |        -|      -|       -|      -|    -|
|Multiplexer      |        -|      -|       -|    165|    -|
|Register         |        -|      -|    2323|      -|    -|
+-----------------+---------+-------+--------+-------+-----+
|Total            |        0|      0|    2603|   9689|    0|
+-----------------+---------+-------+--------+-------+-----+
|Available        |      280|    220|  106400|  53200|    0|
+-----------------+---------+-------+--------+-------+-----+
|Utilization (%)  |        0|      0|       2|     18|    0|
+-----------------+---------+-------+--------+-------+-----+

+ Detail: 
    * Instance: 
    +-------------------------+----------------------+---------+-------+-----+-----+-----+
    |         Instance        |        Module        | BRAM_18K| DSP48E|  FF | LUT | URAM|
    +-------------------------+----------------------+---------+-------+-----+-----+-----+
    |cordiccart2pol_fpbkb_U1  |cordiccart2pol_fpbkb  |        0|      0|  100|  138|    0|
    |cordiccart2pol_fpbkb_U2  |cordiccart2pol_fpbkb  |        0|      0|  100|  138|    0|
    +-------------------------+----------------------+---------+-------+-----+-----+-----+
    |Total                    |                      |        0|      0|  200|  276|    0|
    +-------------------------+----------------------+---------+-------+-----+-----+-----+

    * DSP48E: 
    N/A

    * Memory: 
    N/A

    * FIFO: 
    N/A

    * Expression: 
    +-----------------------------+----------+-------+----+-----+------------+------------+
    |        Variable Name        | Operation| DSP48E| FF | LUT | Bitwidth P0| Bitwidth P1|
    +-----------------------------+----------+-------+----+-----+------------+------------+
    |add_ln581_1_fu_536_p2        |     +    |      0|   0|   12|           6|          12|
    |add_ln581_fu_428_p2          |     +    |      0|   0|   12|           6|          12|
    |add_ln703_10_fu_1260_p2      |     +    |      0|   0|   32|          25|          25|
    |add_ln703_11_fu_1266_p2      |     +    |      0|   0|   34|          23|          27|
    |add_ln703_12_fu_1352_p2      |     +    |      0|   0|   34|          27|          27|
    |add_ln703_13_fu_1414_p2      |     +    |      0|   0|   34|          21|          27|
    |add_ln703_14_fu_1396_p2      |     +    |      0|   0|   32|          25|          25|
    |add_ln703_15_fu_1419_p2      |     +    |      0|   0|   34|          22|          27|
    |add_ln703_16_fu_1479_p2      |     +    |      0|   0|   34|          27|          27|
    |add_ln703_17_fu_1505_p2      |     +    |      0|   0|   34|          20|          27|
    |add_ln703_18_fu_1529_p2      |     +    |      0|   0|   32|          25|          25|
    |add_ln703_19_fu_1535_p2      |     +    |      0|   0|   34|          21|          27|
    |add_ln703_1_fu_975_p2        |     +    |      0|   0|   34|          24|          27|
    |add_ln703_20_fu_1621_p2      |     +    |      0|   0|   34|          27|          27|
    |add_ln703_21_fu_1683_p2      |     +    |      0|   0|   34|          19|          27|
    |add_ln703_22_fu_1665_p2      |     +    |      0|   0|   32|          25|          25|
    |add_ln703_23_fu_1688_p2      |     +    |      0|   0|   34|          20|          27|
    |add_ln703_24_fu_1748_p2      |     +    |      0|   0|   34|          27|          27|
    |add_ln703_25_fu_1774_p2      |     +    |      0|   0|   34|          18|          27|
    |add_ln703_26_fu_1798_p2      |     +    |      0|   0|   32|          25|          25|
    |add_ln703_27_fu_1804_p2      |     +    |      0|   0|   34|          19|          27|
    |add_ln703_28_fu_1890_p2      |     +    |      0|   0|   34|          27|          27|
    |add_ln703_29_fu_1952_p2      |     +    |      0|   0|   34|          17|          27|
    |add_ln703_2_fu_999_p2        |     +    |      0|   0|   32|          25|          25|
    |add_ln703_30_fu_1934_p2      |     +    |      0|   0|   32|          25|          25|
    |add_ln703_31_fu_1957_p2      |     +    |      0|   0|   34|          18|          27|
    |add_ln703_32_fu_2017_p2      |     +    |      0|   0|   34|          27|          27|
    |add_ln703_33_fu_2043_p2      |     +    |      0|   0|   34|          16|          27|
    |add_ln703_34_fu_2067_p2      |     +    |      0|   0|   32|          25|          25|
    |add_ln703_35_fu_2073_p2      |     +    |      0|   0|   34|          17|          27|
    |add_ln703_36_fu_2159_p2      |     +    |      0|   0|   34|          27|          27|
    |add_ln703_37_fu_2221_p2      |     +    |      0|   0|   34|          15|          27|
    |add_ln703_38_fu_2203_p2      |     +    |      0|   0|   32|          25|          25|
    |add_ln703_39_fu_2226_p2      |     +    |      0|   0|   34|          16|          27|
    |add_ln703_3_fu_1005_p2       |     +    |      0|   0|   34|          25|          27|
    |add_ln703_40_fu_2286_p2      |     +    |      0|   0|   34|          27|          27|
    |add_ln703_41_fu_2312_p2      |     +    |      0|   0|   34|          14|          27|
    |add_ln703_42_fu_2336_p2      |     +    |      0|   0|   32|          25|          25|
    |add_ln703_43_fu_2342_p2      |     +    |      0|   0|   34|          15|          27|
    |add_ln703_44_fu_2428_p2      |     +    |      0|   0|   34|          27|          27|
    |add_ln703_45_fu_2490_p2      |     +    |      0|   0|   34|          13|          27|
    |add_ln703_46_fu_2472_p2      |     +    |      0|   0|   32|          25|          25|
    |add_ln703_47_fu_2495_p2      |     +    |      0|   0|   34|          14|          27|
    |add_ln703_48_fu_2555_p2      |     +    |      0|   0|   34|          27|          27|
    |add_ln703_49_fu_2581_p2      |     +    |      0|   0|   34|          12|          27|
    |add_ln703_4_fu_1091_p2       |     +    |      0|   0|   34|          27|          27|
    |add_ln703_50_fu_2605_p2      |     +    |      0|   0|   32|          25|          25|
    |add_ln703_51_fu_2611_p2      |     +    |      0|   0|   34|          13|          27|
    |add_ln703_52_fu_2697_p2      |     +    |      0|   0|   34|          27|          27|
    |add_ln703_53_fu_2759_p2      |     +    |      0|   0|   34|          11|          27|
    |add_ln703_54_fu_2741_p2      |     +    |      0|   0|   32|          25|          25|
    |add_ln703_55_fu_2764_p2      |     +    |      0|   0|   34|          12|          27|
    |add_ln703_56_fu_2824_p2      |     +    |      0|   0|   34|          27|          27|
    |add_ln703_57_fu_2850_p2      |     +    |      0|   0|   34|          10|          27|
    |add_ln703_58_fu_2874_p2      |     +    |      0|   0|   32|          25|          25|
    |add_ln703_59_fu_2880_p2      |     +    |      0|   0|   34|          11|          27|
    |add_ln703_5_fu_1149_p2       |     +    |      0|   0|   34|          23|          27|
    |add_ln703_60_fu_2985_p2      |     +    |      0|   0|   34|          27|          27|
    |add_ln703_61_fu_2990_p2      |     +    |      0|   0|   34|           9|          27|
    |add_ln703_62_fu_3003_p2      |     +    |      0|   0|   34|          10|          27|
    |add_ln703_63_fu_3236_p2      |     +    |      0|   0|   31|          24|          24|
    |add_ln703_64_fu_3246_p2      |     +    |      0|   0|   33|          26|          26|
    |add_ln703_65_fu_3312_p2      |     +    |      0|   0|    8|          21|          21|
    |add_ln703_66_fu_3252_p2      |     +    |      0|   0|   25|          18|          18|
    |add_ln703_67_fu_3321_p2      |     +    |      0|   0|    8|          21|          21|
    |add_ln703_68_fu_3331_p2      |     +    |      0|   0|    8|          26|          26|
    |add_ln703_69_fu_3258_p2      |     +    |      0|   0|   23|          16|          16|
    |add_ln703_6_fu_1131_p2       |     +    |      0|   0|   32|          25|          25|
    |add_ln703_70_fu_3264_p2      |     +    |      0|   0|   13|          11|          11|
    |add_ln703_71_fu_3339_p2      |     +    |      0|   0|    8|          16|          16|
    |add_ln703_72_fu_3270_p2      |     +    |      0|   0|    8|           9|           9|
    |add_ln703_73_fu_3276_p2      |     +    |      0|   0|   15|           6|           6|
    |add_ln703_74_fu_3286_p2      |     +    |      0|   0|    8|           9|           9|
    |add_ln703_75_fu_3347_p2      |     +    |      0|   0|    8|          16|          16|
    |add_ln703_76_fu_3357_p2      |     +    |      0|   0|    8|          26|          26|
    |add_ln703_7_fu_1154_p2       |     +    |      0|   0|   34|          24|          27|
    |add_ln703_8_fu_1214_p2       |     +    |      0|   0|   34|          27|          27|
    |add_ln703_9_fu_1236_p2       |     +    |      0|   0|   34|          22|          27|
    |add_ln703_fu_959_p2          |     +    |      0|   0|   34|          27|          27|
    |add_ln949_1_fu_3720_p2       |     +    |      0|   0|   33|           6|          26|
    |add_ln949_fu_3498_p2         |     +    |      0|   0|   34|           6|          27|
    |add_ln958_1_fu_3814_p2       |     +    |      0|   0|   39|           6|          32|
    |add_ln958_fu_3586_p2         |     +    |      0|   0|   39|           6|          32|
    |add_ln964_1_fu_3881_p2       |     +    |      0|   0|    8|           8|           8|
    |add_ln964_fu_3774_p2         |     +    |      0|   0|    8|           8|           8|
    |lsb_index_1_fu_3647_p2       |     +    |      0|   0|   39|           6|          32|
    |lsb_index_fu_3425_p2         |     +    |      0|   0|   39|           6|          32|
    |m_12_fu_3843_p2              |     +    |      0|   0|   39|          32|          32|
    |m_2_fu_3615_p2               |     +    |      0|   0|   39|          32|          32|
    |F2_1_fu_524_p2               |     -    |      0|   0|   12|          11|          12|
    |F2_fu_416_p2                 |     -    |      0|   0|   12|          11|          12|
    |man_V_1_fu_396_p2            |     -    |      0|   0|   61|           1|          54|
    |man_V_4_fu_504_p2            |     -    |      0|   0|   61|           1|          54|
    |sub_ln581_1_fu_542_p2        |     -    |      0|   0|   12|           5|          12|
    |sub_ln581_fu_434_p2          |     -    |      0|   0|   12|           5|          12|
    |sub_ln703_10_fu_1641_p2      |     -    |      0|   0|   32|          25|          25|
    |sub_ln703_11_fu_1659_p2      |     -    |      0|   0|   34|          27|          27|
    |sub_ln703_12_fu_1768_p2      |     -    |      0|   0|   32|          25|          25|
    |sub_ln703_13_fu_1792_p2      |     -    |      0|   0|   34|          27|          27|
    |sub_ln703_14_fu_1910_p2      |     -    |      0|   0|   32|          25|          25|
    |sub_ln703_15_fu_1928_p2      |     -    |      0|   0|   34|          27|          27|
    |sub_ln703_16_fu_2037_p2      |     -    |      0|   0|   32|          25|          25|
    |sub_ln703_17_fu_2061_p2      |     -    |      0|   0|   34|          27|          27|
    |sub_ln703_18_fu_2179_p2      |     -    |      0|   0|   32|          25|          25|
    |sub_ln703_19_fu_2197_p2      |     -    |      0|   0|   34|          27|          27|
    |sub_ln703_1_fu_993_p2        |     -    |      0|   0|   34|          27|          27|
    |sub_ln703_20_fu_2306_p2      |     -    |      0|   0|   32|          25|          25|
    |sub_ln703_21_fu_2330_p2      |     -    |      0|   0|   34|          27|          27|
    |sub_ln703_22_fu_2448_p2      |     -    |      0|   0|   32|          25|          25|
    |sub_ln703_23_fu_2466_p2      |     -    |      0|   0|   34|          27|          27|
    |sub_ln703_24_fu_2575_p2      |     -    |      0|   0|   32|          25|          25|
    |sub_ln703_25_fu_2599_p2      |     -    |      0|   0|   34|          27|          27|
    |sub_ln703_26_fu_2717_p2      |     -    |      0|   0|   32|          25|          25|
    |sub_ln703_27_fu_2735_p2      |     -    |      0|   0|   34|          27|          27|
    |sub_ln703_28_fu_2844_p2      |     -    |      0|   0|   32|          25|          25|
    |sub_ln703_29_fu_2868_p2      |     -    |      0|   0|   34|          27|          27|
    |sub_ln703_2_fu_1107_p2       |     -    |      0|   0|   32|          25|          25|
    |sub_ln703_30_fu_2998_p2      |     -    |      0|   0|   34|          27|          27|
    |sub_ln703_3_fu_1125_p2       |     -    |      0|   0|   34|          27|          27|
    |sub_ln703_4_fu_1230_p2       |     -    |      0|   0|   32|          25|          25|
    |sub_ln703_5_fu_1254_p2       |     -    |      0|   0|   34|          27|          27|
    |sub_ln703_6_fu_1372_p2       |     -    |      0|   0|   32|          25|          25|
    |sub_ln703_7_fu_1390_p2       |     -    |      0|   0|   34|          27|          27|
    |sub_ln703_8_fu_1499_p2       |     -    |      0|   0|   32|          25|          25|
    |sub_ln703_9_fu_1523_p2       |     -    |      0|   0|   34|          27|          27|
    |sub_ln703_fu_969_p2          |     -    |      0|   0|   32|          25|          25|
    |sub_ln939_fu_3363_p2         |     -    |      0|   0|   33|           1|          26|
    |sub_ln944_1_fu_3638_p2       |     -    |      0|   0|   39|           5|          32|
    |sub_ln944_fu_3416_p2         |     -    |      0|   0|   39|           5|          32|
    |sub_ln947_1_fu_3673_p2       |     -    |      0|   0|   15|           5|           5|
    |sub_ln947_fu_3451_p2         |     -    |      0|   0|   15|           5|           5|
    |sub_ln958_1_fu_3825_p2       |     -    |      0|   0|   39|           5|          32|
    |sub_ln958_fu_3597_p2         |     -    |      0|   0|   39|           5|          32|
    |sub_ln964_1_fu_3876_p2       |     -    |      0|   0|    8|           2|           8|
    |sub_ln964_fu_3769_p2         |     -    |      0|   0|    8|           2|           8|
    |tmp_V_fu_3542_p2             |     -    |      0|   0|   33|           1|          26|
    |a_1_fu_3700_p2               |    and   |      0|   0|    2|           1|           1|
    |a_fu_3478_p2                 |    and   |      0|   0|    2|           1|           1|
    |and_ln1494_fu_868_p2         |    and   |      0|   0|    2|           1|           1|
    |and_ln1495_10_fu_2362_p2     |    and   |      0|   0|    2|           1|           1|
    |and_ln1495_11_fu_2484_p2     |    and   |      0|   0|    2|           1|           1|
    |and_ln1495_12_fu_2631_p2     |    and   |      0|   0|    2|           1|           1|
    |and_ln1495_13_fu_2753_p2     |    and   |      0|   0|    2|           1|           1|
    |and_ln1495_14_fu_2900_p2     |    and   |      0|   0|    2|           1|           1|
    |and_ln1495_15_fu_2976_p2     |    and   |      0|   0|    2|           1|           1|
    |and_ln1495_1_fu_1143_p2      |    and   |      0|   0|    2|           1|           1|
    |and_ln1495_2_fu_1286_p2      |    and   |      0|   0|    2|           1|           1|
    |and_ln1495_3_fu_1408_p2      |    and   |      0|   0|    2|           1|           1|
    |and_ln1495_4_fu_1555_p2      |    and   |      0|   0|    2|           1|           1|
    |and_ln1495_5_fu_1677_p2      |    and   |      0|   0|    2|           1|           1|
    |and_ln1495_6_fu_1824_p2      |    and   |      0|   0|    2|           1|           1|
    |and_ln1495_7_fu_1946_p2      |    and   |      0|   0|    2|           1|           1|
    |and_ln1495_8_fu_2093_p2      |    and   |      0|   0|    2|           1|           1|
    |and_ln1495_9_fu_2215_p2      |    and   |      0|   0|    2|           1|           1|
    |and_ln1495_fu_1025_p2        |    and   |      0|   0|    2|           1|           1|
    |and_ln581_1_fu_766_p2        |    and   |      0|   0|    2|           1|           1|
    |and_ln581_fu_638_p2          |    and   |      0|   0|    2|           1|           1|
    |and_ln582_1_fu_744_p2        |    and   |      0|   0|    2|           1|           1|
    |and_ln582_fu_616_p2          |    and   |      0|   0|    2|           1|           1|
    |and_ln585_1_fu_663_p2        |    and   |      0|   0|    2|           1|           1|
    |and_ln585_2_fu_777_p2        |    and   |      0|   0|    2|           1|           1|
    |and_ln585_3_fu_791_p2        |    and   |      0|   0|    2|           1|           1|
    |and_ln585_fu_649_p2          |    and   |      0|   0|    2|           1|           1|
    |and_ln603_1_fu_816_p2        |    and   |      0|   0|    2|           1|           1|
    |and_ln603_fu_688_p2          |    and   |      0|   0|    2|           1|           1|
    |and_ln949_1_fu_3733_p2       |    and   |      0|   0|    2|           1|           1|
    |and_ln949_fu_3511_p2         |    and   |      0|   0|    2|           1|           1|
    |p_Result_13_fu_3689_p2       |    and   |      0|   0|   26|          26|          26|
    |p_Result_8_fu_3467_p2        |    and   |      0|   0|   27|          27|          27|
    |ashr_ln586_1_fu_711_p2       |   ashr   |      0|   0|  162|          54|          54|
    |ashr_ln586_fu_583_p2         |   ashr   |      0|   0|  162|          54|          54|
    |l_1_fu_3571_p3               |   cttz   |      0|  40|   36|          32|           0|
    |l_fu_3396_p3                 |   cttz   |      0|  40|   36|          32|           0|
    |icmp_ln1494_10_fu_2139_p2    |   icmp   |      0|   0|   18|          25|           1|
    |icmp_ln1494_11_fu_2266_p2    |   icmp   |      0|   0|   18|          25|           1|
    |icmp_ln1494_12_fu_2408_p2    |   icmp   |      0|   0|   18|          25|           1|
    |icmp_ln1494_13_fu_2535_p2    |   icmp   |      0|   0|   18|          25|           1|
    |icmp_ln1494_14_fu_2677_p2    |   icmp   |      0|   0|   18|          25|           1|
    |icmp_ln1494_15_fu_2804_p2    |   icmp   |      0|   0|   18|          25|           1|
    |icmp_ln1494_16_fu_2946_p2    |   icmp   |      0|   0|   18|          25|           1|
    |icmp_ln1494_1_fu_949_p2      |   icmp   |      0|   0|   18|          25|           1|
    |icmp_ln1494_2_fu_1071_p2     |   icmp   |      0|   0|   18|          25|           1|
    |icmp_ln1494_3_fu_1194_p2     |   icmp   |      0|   0|   18|          25|           1|
    |icmp_ln1494_4_fu_1332_p2     |   icmp   |      0|   0|   18|          25|           1|
    |icmp_ln1494_5_fu_1459_p2     |   icmp   |      0|   0|   18|          25|           1|
    |icmp_ln1494_6_fu_1601_p2     |   icmp   |      0|   0|   18|          25|           1|
    |icmp_ln1494_7_fu_1728_p2     |   icmp   |      0|   0|   18|          25|           1|
    |icmp_ln1494_8_fu_1870_p2     |   icmp   |      0|   0|   18|          25|           1|
    |icmp_ln1494_9_fu_1997_p2     |   icmp   |      0|   0|   18|          25|           1|
    |icmp_ln1494_fu_858_p2        |   icmp   |      0|   0|   18|          25|           1|
    |icmp_ln571_1_fu_518_p2       |   icmp   |      0|   0|   29|          63|           1|
    |icmp_ln571_fu_410_p2         |   icmp   |      0|   0|   29|          63|           1|
    |icmp_ln581_1_fu_530_p2       |   icmp   |      0|   0|   13|          12|           5|
    |icmp_ln581_fu_422_p2         |   icmp   |      0|   0|   13|          12|           5|
    |icmp_ln582_1_fu_556_p2       |   icmp   |      0|   0|   13|          12|           5|
    |icmp_ln582_fu_448_p2         |   icmp   |      0|   0|   13|          12|           5|
    |icmp_ln585_1_fu_697_p2       |   icmp   |      0|   0|   13|          12|           6|
    |icmp_ln585_fu_569_p2         |   icmp   |      0|   0|   13|          12|           6|
    |icmp_ln603_1_fu_702_p2       |   icmp   |      0|   0|   13|          12|           5|
    |icmp_ln603_fu_574_p2         |   icmp   |      0|   0|   13|          12|           5|
    |icmp_ln935_1_fu_3537_p2      |   icmp   |      0|   0|   18|          26|           1|
    |icmp_ln935_fu_3292_p2        |   icmp   |      0|   0|   18|          27|           1|
    |icmp_ln947_1_fu_3472_p2      |   icmp   |      0|   0|   18|          27|           1|
    |icmp_ln947_2_fu_3663_p2      |   icmp   |      0|   0|   18|          31|           1|
    |icmp_ln947_3_fu_3694_p2      |   icmp   |      0|   0|   18|          26|           1|
    |icmp_ln947_fu_3441_p2        |   icmp   |      0|   0|   18|          31|           1|
    |icmp_ln958_1_fu_3753_p2      |   icmp   |      0|   0|   18|          32|           1|
    |icmp_ln958_fu_3531_p2        |   icmp   |      0|   0|   18|          32|           1|
    |lshr_ln947_1_fu_3683_p2      |   lshr   |      0|   0|   77|           2|          26|
    |lshr_ln947_fu_3461_p2        |   lshr   |      0|   0|   81|           2|          27|
    |lshr_ln958_1_fu_3819_p2      |   lshr   |      0|   0|  101|          32|          32|
    |lshr_ln958_fu_3591_p2        |   lshr   |      0|   0|  101|          32|          32|
    |ap_block_state1              |    or    |      0|   0|    2|           1|           1|
    |or_ln1494_fu_890_p2          |    or    |      0|   0|    2|           1|           1|
    |or_ln581_1_fu_805_p2         |    or    |      0|   0|    2|           1|           1|
    |or_ln581_fu_677_p2           |    or    |      0|   0|    2|           1|           1|
    |or_ln582_1_fu_756_p2         |    or    |      0|   0|    2|           1|           1|
    |or_ln582_fu_628_p2           |    or    |      0|   0|    2|           1|           1|
    |or_ln949_2_fu_3517_p2        |    or    |      0|   0|    2|           1|           1|
    |or_ln949_fu_3739_p2          |    or    |      0|   0|    2|           1|           1|
    |m_10_fu_3836_p3              |  select  |      0|   0|   32|           1|          32|
    |m_1_fu_3608_p3               |  select  |      0|   0|   32|           1|          32|
    |man_V_2_fu_402_p3            |  select  |      0|   0|   54|           1|          54|
    |man_V_5_fu_510_p3            |  select  |      0|   0|   54|           1|          54|
    |r                            |  select  |      0|   0|   32|           1|           1|
    |select_ln1494_10_fu_1300_p3  |  select  |      0|   0|   27|           1|          27|
    |select_ln1494_11_fu_1316_p3  |  select  |      0|   0|   25|           1|          25|
    |select_ln1494_12_fu_1424_p3  |  select  |      0|   0|   27|           1|          27|
    |select_ln1494_13_fu_1435_p3  |  select  |      0|   0|   27|           1|          27|
    |select_ln1494_14_fu_1448_p3  |  select  |      0|   0|   25|           1|          25|
    |select_ln1494_15_fu_1541_p3  |  select  |      0|   0|   27|           1|          27|
    |select_ln1494_16_fu_1569_p3  |  select  |      0|   0|   27|           1|          27|
    |select_ln1494_17_fu_1585_p3  |  select  |      0|   0|   25|           1|          25|
    |select_ln1494_18_fu_1693_p3  |  select  |      0|   0|   27|           1|          27|
    |select_ln1494_19_fu_1704_p3  |  select  |      0|   0|   27|           1|          27|
    |select_ln1494_1_fu_896_p3    |  select  |      0|   0|   26|           1|          26|
    |select_ln1494_20_fu_1717_p3  |  select  |      0|   0|   25|           1|          25|
    |select_ln1494_21_fu_1810_p3  |  select  |      0|   0|   27|           1|          27|
    |select_ln1494_22_fu_1838_p3  |  select  |      0|   0|   27|           1|          27|
    |select_ln1494_23_fu_1854_p3  |  select  |      0|   0|   25|           1|          25|
    |select_ln1494_24_fu_1962_p3  |  select  |      0|   0|   27|           1|          27|
    |select_ln1494_25_fu_1973_p3  |  select  |      0|   0|   27|           1|          27|
    |select_ln1494_26_fu_1986_p3  |  select  |      0|   0|   25|           1|          25|
    |select_ln1494_27_fu_2079_p3  |  select  |      0|   0|   27|           1|          27|
    |select_ln1494_28_fu_2107_p3  |  select  |      0|   0|   27|           1|          27|
    |select_ln1494_29_fu_2123_p3  |  select  |      0|   0|   25|           1|          25|
    |select_ln1494_30_fu_2231_p3  |  select  |      0|   0|   27|           1|          27|
    |select_ln1494_31_fu_2242_p3  |  select  |      0|   0|   27|           1|          27|
    |select_ln1494_32_fu_2255_p3  |  select  |      0|   0|   25|           1|          25|
    |select_ln1494_33_fu_2348_p3  |  select  |      0|   0|   27|           1|          27|
    |select_ln1494_34_fu_2376_p3  |  select  |      0|   0|   27|           1|          27|
    |select_ln1494_35_fu_2392_p3  |  select  |      0|   0|   25|           1|          25|
    |select_ln1494_36_fu_2500_p3  |  select  |      0|   0|   27|           1|          27|
    |select_ln1494_37_fu_2511_p3  |  select  |      0|   0|   27|           1|          27|
    |select_ln1494_38_fu_2524_p3  |  select  |      0|   0|   25|           1|          25|
    |select_ln1494_39_fu_2617_p3  |  select  |      0|   0|   27|           1|          27|
    |select_ln1494_3_fu_1011_p3   |  select  |      0|   0|   27|           1|          27|
    |select_ln1494_40_fu_2645_p3  |  select  |      0|   0|   27|           1|          27|
    |select_ln1494_41_fu_2661_p3  |  select  |      0|   0|   25|           1|          25|
    |select_ln1494_42_fu_2769_p3  |  select  |      0|   0|   27|           1|          27|
    |select_ln1494_43_fu_2780_p3  |  select  |      0|   0|   27|           1|          27|
    |select_ln1494_44_fu_2793_p3  |  select  |      0|   0|   25|           1|          25|
    |select_ln1494_45_fu_2886_p3  |  select  |      0|   0|   27|           1|          27|
    |select_ln1494_46_fu_2914_p3  |  select  |      0|   0|   27|           1|          27|
    |select_ln1494_47_fu_2930_p3  |  select  |      0|   0|   25|           1|          25|
    |select_ln1494_48_fu_3008_p3  |  select  |      0|   0|   27|           1|          27|
    |select_ln1494_49_fu_3021_p3  |  select  |      0|   0|   27|           1|          27|
    |select_ln1494_4_fu_1039_p3   |  select  |      0|   0|   27|           1|          27|
    |select_ln1494_5_fu_1055_p3   |  select  |      0|   0|   25|           1|          25|
    |select_ln1494_6_fu_1159_p3   |  select  |      0|   0|   27|           1|          27|
    |select_ln1494_7_fu_1170_p3   |  select  |      0|   0|   27|           1|          27|
    |select_ln1494_8_fu_1183_p3   |  select  |      0|   0|   25|           1|          25|
    |select_ln1494_9_fu_1272_p3   |  select  |      0|   0|   27|           1|          27|
    |select_ln1494_fu_882_p3      |  select  |      0|   0|   26|           1|          25|
    |select_ln1495_10_fu_1441_p3  |  select  |      0|   0|   27|           1|          27|
    |select_ln1495_11_fu_1453_p3  |  select  |      0|   0|   25|           1|          25|
    |select_ln1495_12_fu_1561_p3  |  select  |      0|   0|   27|           1|          27|
    |select_ln1495_13_fu_1577_p3  |  select  |      0|   0|   27|           1|          27|
    |select_ln1495_14_fu_1593_p3  |  select  |      0|   0|   25|           1|          25|
    |select_ln1495_15_fu_1698_p3  |  select  |      0|   0|   27|           1|          27|
    |select_ln1495_16_fu_1710_p3  |  select  |      0|   0|   27|           1|          27|
    |select_ln1495_17_fu_1722_p3  |  select  |      0|   0|   25|           1|          25|
    |select_ln1495_18_fu_1830_p3  |  select  |      0|   0|   27|           1|          27|
    |select_ln1495_19_fu_1846_p3  |  select  |      0|   0|   27|           1|          27|
    |select_ln1495_1_fu_1047_p3   |  select  |      0|   0|   27|           1|          27|
    |select_ln1495_20_fu_1862_p3  |  select  |      0|   0|   25|           1|          25|
    |select_ln1495_21_fu_1967_p3  |  select  |      0|   0|   27|           1|          27|
    |select_ln1495_22_fu_1979_p3  |  select  |      0|   0|   27|           1|          27|
    |select_ln1495_23_fu_1991_p3  |  select  |      0|   0|   25|           1|          25|
    |select_ln1495_24_fu_2099_p3  |  select  |      0|   0|   27|           1|          27|
    |select_ln1495_25_fu_2115_p3  |  select  |      0|   0|   27|           1|          27|
    |select_ln1495_26_fu_2131_p3  |  select  |      0|   0|   25|           1|          25|
    |select_ln1495_27_fu_2236_p3  |  select  |      0|   0|   27|           1|          27|
    |select_ln1495_28_fu_2248_p3  |  select  |      0|   0|   27|           1|          27|
    |select_ln1495_29_fu_2260_p3  |  select  |      0|   0|   25|           1|          25|
    |select_ln1495_2_fu_1063_p3   |  select  |      0|   0|   25|           1|          25|
    |select_ln1495_30_fu_2368_p3  |  select  |      0|   0|   27|           1|          27|
    |select_ln1495_31_fu_2384_p3  |  select  |      0|   0|   27|           1|          27|
    |select_ln1495_32_fu_2400_p3  |  select  |      0|   0|   25|           1|          25|
    |select_ln1495_33_fu_2505_p3  |  select  |      0|   0|   27|           1|          27|
    |select_ln1495_34_fu_2517_p3  |  select  |      0|   0|   27|           1|          27|
    |select_ln1495_35_fu_2529_p3  |  select  |      0|   0|   25|           1|          25|
    |select_ln1495_36_fu_2637_p3  |  select  |      0|   0|   27|           1|          27|
    |select_ln1495_37_fu_2653_p3  |  select  |      0|   0|   27|           1|          27|
    |select_ln1495_38_fu_2669_p3  |  select  |      0|   0|   25|           1|          25|
    |select_ln1495_39_fu_2774_p3  |  select  |      0|   0|   27|           1|          27|
    |select_ln1495_3_fu_1164_p3   |  select  |      0|   0|   27|           1|          27|
    |select_ln1495_40_fu_2786_p3  |  select  |      0|   0|   27|           1|          27|
    |select_ln1495_41_fu_2798_p3  |  select  |      0|   0|   25|           1|          25|
    |select_ln1495_42_fu_2906_p3  |  select  |      0|   0|   27|           1|          27|
    |select_ln1495_43_fu_2922_p3  |  select  |      0|   0|   27|           1|          27|
    |select_ln1495_44_fu_2938_p3  |  select  |      0|   0|   25|           1|          25|
    |select_ln1495_45_fu_3014_p3  |  select  |      0|   0|   27|           1|          27|
    |select_ln1495_46_fu_3027_p3  |  select  |      0|   0|   27|           1|          27|
    |select_ln1495_4_fu_1176_p3   |  select  |      0|   0|   27|           1|          27|
    |select_ln1495_5_fu_1188_p3   |  select  |      0|   0|   25|           1|          25|
    |select_ln1495_6_fu_1292_p3   |  select  |      0|   0|   27|           1|          27|
    |select_ln1495_7_fu_1308_p3   |  select  |      0|   0|   27|           1|          27|
    |select_ln1495_8_fu_1324_p3   |  select  |      0|   0|   25|           1|          25|
    |select_ln1495_9_fu_1429_p3   |  select  |      0|   0|   27|           1|          27|
    |select_ln1495_fu_1031_p3     |  select  |      0|   0|   27|           1|          27|
    |select_ln582_1_fu_749_p3     |  select  |      0|   0|   25|           1|          25|
    |select_ln582_fu_621_p3       |  select  |      0|   0|   27|           1|          27|
    |select_ln585_1_fu_669_p3     |  select  |      0|   0|   27|           1|          27|
    |select_ln585_2_fu_783_p3     |  select  |      0|   0|   25|           1|          25|
    |select_ln585_3_fu_797_p3     |  select  |      0|   0|   25|           1|          25|
    |select_ln585_fu_655_p3       |  select  |      0|   0|   27|           1|          27|
    |select_ln588_1_fu_731_p3     |  select  |      0|   0|    2|           1|           2|
    |select_ln588_fu_603_p3       |  select  |      0|   0|    2|           1|           2|
    |select_ln964_1_fu_3869_p3    |  select  |      0|   0|    7|           1|           7|
    |select_ln964_fu_3762_p3      |  select  |      0|   0|    7|           1|           7|
    |sh_amt_1_fu_548_p3           |  select  |      0|   0|   12|           1|          12|
    |sh_amt_fu_440_p3             |  select  |      0|   0|   12|           1|          12|
    |theta                        |  select  |      0|   0|   32|           1|           1|
    |tmp_V_3_fu_3368_p3           |  select  |      0|   0|   26|           1|          26|
    |tmp_V_4_fu_3547_p3           |  select  |      0|   0|   26|           1|          26|
    |xfix_V_2_fu_921_p3           |  select  |      0|   0|   27|           1|          27|
    |xfix_V_3_fu_927_p3           |  select  |      0|   0|   27|           1|          27|
    |xfix_V_4_fu_830_p3           |  select  |      0|   0|   27|           1|          27|
    |yfix_V_3_fu_937_p3           |  select  |      0|   0|   25|           1|          25|
    |yfix_V_4_fu_942_p3           |  select  |      0|   0|   25|           1|          25|
    |yfix_V_5_fu_844_p3           |  select  |      0|   0|   25|           1|          25|
    |shl_ln604_1_fu_839_p2        |    shl   |      0|   0|   73|          25|          25|
    |shl_ln604_fu_825_p2          |    shl   |      0|   0|   81|          27|          27|
    |shl_ln958_1_fu_3830_p2       |    shl   |      0|   0|  101|          32|          32|
    |shl_ln958_fu_3602_p2         |    shl   |      0|   0|  101|          32|          32|
    |r_V_fu_912_p2                |    xor   |      0|   0|   25|          25|           2|
    |xor_ln1494_10_fu_2356_p2     |    xor   |      0|   0|    2|           1|           2|
    |xor_ln1494_11_fu_2478_p2     |    xor   |      0|   0|    2|           1|           2|
    |xor_ln1494_12_fu_2625_p2     |    xor   |      0|   0|    2|           1|           2|
    |xor_ln1494_13_fu_2747_p2     |    xor   |      0|   0|    2|           1|           2|
    |xor_ln1494_14_fu_2894_p2     |    xor   |      0|   0|    2|           1|           2|
    |xor_ln1494_15_fu_2970_p2     |    xor   |      0|   0|    2|           1|           2|
    |xor_ln1494_1_fu_1137_p2      |    xor   |      0|   0|    2|           1|           2|
    |xor_ln1494_2_fu_1280_p2      |    xor   |      0|   0|    2|           1|           2|
    |xor_ln1494_3_fu_1402_p2      |    xor   |      0|   0|    2|           1|           2|
    |xor_ln1494_4_fu_1549_p2      |    xor   |      0|   0|    2|           1|           2|
    |xor_ln1494_5_fu_1671_p2      |    xor   |      0|   0|    2|           1|           2|
    |xor_ln1494_6_fu_1818_p2      |    xor   |      0|   0|    2|           1|           2|
    |xor_ln1494_7_fu_1940_p2      |    xor   |      0|   0|    2|           1|           2|
    |xor_ln1494_8_fu_2087_p2      |    xor   |      0|   0|    2|           1|           2|
    |xor_ln1494_9_fu_2209_p2      |    xor   |      0|   0|    2|           1|           2|
    |xor_ln1494_fu_1019_p2        |    xor   |      0|   0|    2|           1|           2|
    |xor_ln571_1_fu_739_p2        |    xor   |      0|   0|    2|           1|           2|
    |xor_ln571_fu_611_p2          |    xor   |      0|   0|    2|           1|           2|
    |xor_ln581_1_fu_810_p2        |    xor   |      0|   0|    2|           1|           2|
    |xor_ln581_fu_682_p2          |    xor   |      0|   0|    2|           1|           2|
    |xor_ln582_1_fu_760_p2        |    xor   |      0|   0|    2|           1|           2|
    |xor_ln582_fu_632_p2          |    xor   |      0|   0|    2|           1|           2|
    |xor_ln585_1_fu_771_p2        |    xor   |      0|   0|    2|           1|           2|
    |xor_ln585_fu_643_p2          |    xor   |      0|   0|    2|           1|           2|
    |xor_ln949_1_fu_3714_p2       |    xor   |      0|   0|    2|           1|           2|
    |xor_ln949_fu_3492_p2         |    xor   |      0|   0|    2|           1|           2|
    |yfix_V_fu_907_p2             |    xor   |      0|   0|   25|          25|           2|
    +-----------------------------+----------+-------+----+-----+------------+------------+
    |Total                        |          |      0|  80| 9248|        4126|        7037|
    +-----------------------------+----------+-------+----+-----+------------+------------+

    * Multiplexer: 
    +-----------------+----+-----------+-----+-----------+
    |       Name      | LUT| Input Size| Bits| Total Bits|
    +-----------------+----+-----------+-----+-----------+
    |ap_NS_fsm        |  93|         19|    1|         19|
    |x_ap_vld_in_sig  |   9|          2|    1|          2|
    |x_ap_vld_preg    |   9|          2|    1|          2|
    |x_blk_n          |   9|          2|    1|          2|
    |x_in_sig         |   9|          2|   32|         64|
    |y_ap_vld_in_sig  |   9|          2|    1|          2|
    |y_ap_vld_preg    |   9|          2|    1|          2|
    |y_blk_n          |   9|          2|    1|          2|
    |y_in_sig         |   9|          2|   32|         64|
    +-----------------+----+-----------+-----+-----------+
    |Total            | 165|         35|   71|        159|
    +-----------------+----+-----------+-----+-----------+

    * Register: 
    +---------------------------+----+----+-----+-----------+
    |            Name           | FF | LUT| Bits| Const Bits|
    +---------------------------+----+----+-----+-----------+
    |add_ln703_12_reg_4142      |  27|   0|   27|          0|
    |add_ln703_14_reg_4157      |  25|   0|   25|          0|
    |add_ln703_20_reg_4193      |  27|   0|   27|          0|
    |add_ln703_22_reg_4208      |  25|   0|   25|          0|
    |add_ln703_28_reg_4244      |  27|   0|   27|          0|
    |add_ln703_30_reg_4259      |  25|   0|   25|          0|
    |add_ln703_36_reg_4295      |  27|   0|   27|          0|
    |add_ln703_38_reg_4310      |  25|   0|   25|          0|
    |add_ln703_44_reg_4346      |  27|   0|   27|          0|
    |add_ln703_46_reg_4361      |  25|   0|   25|          0|
    |add_ln703_4_reg_4091       |  27|   0|   27|          0|
    |add_ln703_52_reg_4397      |  27|   0|   27|          0|
    |add_ln703_54_reg_4412      |  25|   0|   25|          0|
    |add_ln703_64_reg_4472      |  26|   0|   26|          0|
    |add_ln703_66_reg_4477      |  18|   0|   18|          0|
    |add_ln703_69_reg_4482      |  16|   0|   16|          0|
    |add_ln703_6_reg_4106       |  25|   0|   25|          0|
    |add_ln703_70_reg_4487      |  11|   0|   11|          0|
    |add_ln703_74_reg_4492      |   9|   0|    9|          0|
    |add_ln703_76_reg_4508      |  26|   0|   26|          0|
    |and_ln1494_reg_4056        |   1|   0|    1|          0|
    |and_ln1495_11_reg_4366     |   1|   0|    1|          0|
    |and_ln1495_13_reg_4417     |   1|   0|    1|          0|
    |and_ln1495_15_reg_4450     |   1|   0|    1|          0|
    |and_ln1495_1_reg_4111      |   1|   0|    1|          0|
    |and_ln1495_3_reg_4162      |   1|   0|    1|          0|
    |and_ln1495_5_reg_4213      |   1|   0|    1|          0|
    |and_ln1495_7_reg_4264      |   1|   0|    1|          0|
    |and_ln1495_9_reg_4315      |   1|   0|    1|          0|
    |and_ln603_1_reg_4027       |   1|   0|    1|          0|
    |and_ln603_reg_4012         |   1|   0|    1|          0|
    |ap_CS_fsm                  |  18|   0|   18|          0|
    |icmp_ln1494_10_reg_4288    |   1|   0|    1|          0|
    |icmp_ln1494_12_reg_4339    |   1|   0|    1|          0|
    |icmp_ln1494_14_reg_4390    |   1|   0|    1|          0|
    |icmp_ln1494_16_reg_4438    |   1|   0|    1|          0|
    |icmp_ln1494_2_reg_4084     |   1|   0|    1|          0|
    |icmp_ln1494_4_reg_4135     |   1|   0|    1|          0|
    |icmp_ln1494_6_reg_4186     |   1|   0|    1|          0|
    |icmp_ln1494_8_reg_4237     |   1|   0|    1|          0|
    |icmp_ln571_1_reg_3971      |   1|   0|    1|          0|
    |icmp_ln571_reg_3935        |   1|   0|    1|          0|
    |icmp_ln581_1_reg_3977      |   1|   0|    1|          0|
    |icmp_ln581_reg_3941        |   1|   0|    1|          0|
    |icmp_ln582_1_reg_3990      |   1|   0|    1|          0|
    |icmp_ln582_reg_3954        |   1|   0|    1|          0|
    |icmp_ln935_1_reg_4558      |   1|   0|    1|          0|
    |icmp_ln935_reg_4497        |   1|   0|    1|          0|
    |icmp_ln958_1_reg_4601      |   1|   0|    1|          0|
    |icmp_ln958_reg_4553        |   1|   0|    1|          0|
    |l_1_reg_4570               |  32|   0|   32|          0|
    |l_reg_4526                 |  32|   0|   32|          0|
    |lshr_ln1371_13_reg_4444    |  10|   0|   10|          0|
    |m_3_reg_4606               |  31|   0|   31|          0|
    |m_s_reg_4580               |  31|   0|   31|          0|
    |man_V_2_reg_3930           |  54|   0|   54|          0|
    |man_V_5_reg_3966           |  54|   0|   54|          0|
    |or_ln949_1_reg_4596        |   1|   0|   32|         31|
    |or_ln_reg_4548             |   1|   0|   32|         31|
    |p_Result_20_reg_4502       |   1|   0|    1|          0|
    |p_Result_23_reg_4536       |   1|   0|    1|          0|
    |select_ln1494_1_reg_4062   |  26|   0|   26|          0|
    |select_ln1495_12_reg_4169  |  27|   0|   27|          0|
    |select_ln1495_13_reg_4174  |  27|   0|   27|          0|
    |select_ln1495_14_reg_4181  |  25|   0|   25|          0|
    |select_ln1495_18_reg_4220  |  27|   0|   27|          0|
    |select_ln1495_19_reg_4225  |  27|   0|   27|          0|
    |select_ln1495_1_reg_4072   |  27|   0|   27|          0|
    |select_ln1495_20_reg_4232  |  25|   0|   25|          0|
    |select_ln1495_24_reg_4271  |  27|   0|   27|          0|
    |select_ln1495_25_reg_4276  |  27|   0|   27|          0|
    |select_ln1495_26_reg_4283  |  25|   0|   25|          0|
    |select_ln1495_2_reg_4079   |  25|   0|   25|          0|
    |select_ln1495_30_reg_4322  |  27|   0|   27|          0|
    |select_ln1495_31_reg_4327  |  27|   0|   27|          0|
    |select_ln1495_32_reg_4334  |  25|   0|   25|          0|
    |select_ln1495_36_reg_4373  |  27|   0|   27|          0|
    |select_ln1495_37_reg_4378  |  27|   0|   27|          0|
    |select_ln1495_38_reg_4385  |  25|   0|   25|          0|
    |select_ln1495_42_reg_4424  |  27|   0|   27|          0|
    |select_ln1495_43_reg_4431  |  27|   0|   27|          0|
    |select_ln1495_6_reg_4118   |  27|   0|   27|          0|
    |select_ln1495_7_reg_4123   |  27|   0|   27|          0|
    |select_ln1495_8_reg_4130   |  25|   0|   25|          0|
    |select_ln1495_reg_4067     |  27|   0|   27|          0|
    |select_ln585_1_reg_4007    |  27|   0|   27|          0|
    |select_ln585_3_reg_4022    |  25|   0|   25|          0|
    |sext_ln581_1_reg_4017      |  32|   0|   32|          0|
    |sext_ln581_reg_4002        |  32|   0|   32|          0|
    |sh_amt_1_reg_3983          |  12|   0|   12|          0|
    |sh_amt_reg_3947            |  12|   0|   12|          0|
    |sub_ln703_10_reg_4198      |  25|   0|   25|          0|
    |sub_ln703_11_reg_4203      |  27|   0|   27|          0|
    |sub_ln703_14_reg_4249      |  25|   0|   25|          0|
    |sub_ln703_15_reg_4254      |  27|   0|   27|          0|
    |sub_ln703_18_reg_4300      |  25|   0|   25|          0|
    |sub_ln703_19_reg_4305      |  27|   0|   27|          0|
    |sub_ln703_22_reg_4351      |  25|   0|   25|          0|
    |sub_ln703_23_reg_4356      |  27|   0|   27|          0|
    |sub_ln703_26_reg_4402      |  25|   0|   25|          0|
    |sub_ln703_27_reg_4407      |  27|   0|   27|          0|
    |sub_ln703_2_reg_4096       |  25|   0|   25|          0|
    |sub_ln703_3_reg_4101       |  27|   0|   27|          0|
    |sub_ln703_6_reg_4147       |  25|   0|   25|          0|
    |sub_ln703_7_reg_4152       |  27|   0|   27|          0|
    |sub_ln944_1_reg_4590       |  32|   0|   32|          0|
    |sub_ln944_reg_4542         |  32|   0|   32|          0|
    |tmp_29_reg_4585            |   1|   0|    1|          0|
    |tmp_33_reg_4611            |   1|   0|    1|          0|
    |tmp_8_reg_4044             |   1|   0|    1|          0|
    |tmp_V_3_reg_4515           |  26|   0|   26|          0|
    |tmp_V_4_reg_4563           |  26|   0|   26|          0|
    |trunc_ln1333_15_reg_4462   |  20|   0|   20|          0|
    |trunc_ln1333_16_reg_4467   |  19|   0|   19|          0|
    |trunc_ln1333_reg_4456      |  26|   0|   26|          0|
    |trunc_ln583_1_reg_3996     |  25|   0|   25|          0|
    |trunc_ln583_reg_3960       |  27|   0|   27|          0|
    |trunc_ln943_1_reg_4575     |   8|   0|    8|          0|
    |trunc_ln943_reg_4531       |   8|   0|    8|          0|
    |x_ap_vld_preg              |   1|   0|    1|          0|
    |x_preg                     |  32|   0|   32|          0|
    |xfix_V_4_reg_4032          |  27|   0|   27|          0|
    |y_ap_vld_preg              |   1|   0|    1|          0|
    |y_preg                     |  32|   0|   32|          0|
    |yfix_V_2_reg_4050          |  25|   0|   25|          0|
    |yfix_V_5_reg_4037          |  25|   0|   25|          0|
    |zext_ln938_reg_4520        |  26|   0|   27|          1|
    +---------------------------+----+----+-----+-----------+
    |Total                      |2323|   0| 2386|         63|
    +---------------------------+----+----+-----+-----------+



================================================================
== Interface
================================================================
* Summary: 
+--------------+-----+-----+------------+----------------+--------------+
|   RTL Ports  | Dir | Bits|  Protocol  |  Source Object |    C Type    |
+--------------+-----+-----+------------+----------------+--------------+
|ap_clk        |  in |    1| ap_ctrl_hs | cordiccart2pol | return value |
|ap_rst        |  in |    1| ap_ctrl_hs | cordiccart2pol | return value |
|ap_start      |  in |    1| ap_ctrl_hs | cordiccart2pol | return value |
|ap_done       | out |    1| ap_ctrl_hs | cordiccart2pol | return value |
|ap_idle       | out |    1| ap_ctrl_hs | cordiccart2pol | return value |
|ap_ready      | out |    1| ap_ctrl_hs | cordiccart2pol | return value |
|x             |  in |   32|   ap_vld   |        x       |    scalar    |
|x_ap_vld      |  in |    1|   ap_vld   |        x       |    scalar    |
|y             |  in |   32|   ap_vld   |        y       |    scalar    |
|y_ap_vld      |  in |    1|   ap_vld   |        y       |    scalar    |
|r             | out |   32|   ap_vld   |        r       |    pointer   |
|r_ap_vld      | out |    1|   ap_vld   |        r       |    pointer   |
|theta         | out |   32|   ap_vld   |      theta     |    pointer   |
|theta_ap_vld  | out |    1|   ap_vld   |      theta     |    pointer   |
+--------------+-----+-----+------------+----------------+--------------+

