

================================================================
== Vivado HLS Report for 'dft'
================================================================
* Date:           Tue Oct 27 01:43:41 2020

* Version:        2020.1 (Build 2897737 on Wed May 27 20:21:37 MDT 2020)
* Project:        hls
* Solution:       solution1
* Product family: zynq
* Target device:  xc7z020-clg484-1


================================================================
== Performance Estimates
================================================================
+ Timing: 
    * Summary: 
    +--------+----------+----------+------------+
    |  Clock |  Target  | Estimated| Uncertainty|
    +--------+----------+----------+------------+
    |ap_clk  | 10.00 ns | 8.625 ns |   1.25 ns  |
    +--------+----------+----------+------------+

+ Latency: 
    * Summary: 
    +---------+---------+-----------+-----------+---------+---------+---------+
    |  Latency (cycles) |   Latency (absolute)  |      Interval     | Pipeline|
    |   min   |   max   |    min    |    max    |   min   |   max   |   Type  |
    +---------+---------+-----------+-----------+---------+---------+---------+
    |  4788482|  5312770| 47.885 ms | 53.128 ms |  4788482|  5312770|   none  |
    +---------+---------+-----------+-----------+---------+---------+---------+

    + Detail: 
        * Instance: 
        +--------------------------------+---------------------+---------+---------+----------+----------+-----+-----+---------+
        |                                |                     |  Latency (cycles) |  Latency (absolute) |  Interval | Pipeline|
        |            Instance            |        Module       |   min   |   max   |    min   |    max   | min | max |   Type  |
        +--------------------------------+---------------------+---------+---------+----------+----------+-----+-----+---------+
        |grp_sin_or_cos_double_s_fu_199  |sin_or_cos_double_s  |       43|       51| 0.430 us | 0.510 us |   43|   51|   none  |
        |grp_sin_or_cos_double_s_fu_218  |sin_or_cos_double_s  |       43|       51| 0.430 us | 0.510 us |   43|   51|   none  |
        +--------------------------------+---------------------+---------+---------+----------+----------+-----+-----+---------+

        * Loop: 
        +-------------+---------+---------+---------------+-----------+-----------+------+----------+
        |             |  Latency (cycles) |   Iteration   |  Initiation Interval  | Trip |          |
        |  Loop Name  |   min   |   max   |    Latency    |  achieved |   target  | Count| Pipelined|
        +-------------+---------+---------+---------------+-----------+-----------+------+----------+
        |- Loop 1     |  4787968|  5312256| 18703 ~ 20751 |          -|          -|   256|    no    |
        | + Loop 1.1  |    18688|    20736|    73 ~ 81    |          -|          -|   256|    no    |
        |- Loop 2     |      512|      512|              2|          -|          -|   256|    no    |
        +-------------+---------+---------+---------------+-----------+-----------+------+----------+



================================================================
== Utilization Estimates
================================================================
* Summary: 
+-----------------+---------+-------+--------+-------+-----+
|       Name      | BRAM_18K| DSP48E|   FF   |  LUT  | URAM|
+-----------------+---------+-------+--------+-------+-----+
|DSP              |        -|      -|       -|      -|    -|
|Expression       |        -|      -|       0|    151|    -|
|FIFO             |        -|      -|       -|      -|    -|
|Instance         |       16|    203|   12177|  17983|    -|
|Memory           |        2|      -|       0|      0|    0|
|Multiplexer      |        -|      -|       -|    476|    -|
|Register         |        -|      -|     768|      -|    -|
+-----------------+---------+-------+--------+-------+-----+
|Total            |       18|    203|   12945|  18610|    0|
+-----------------+---------+-------+--------+-------+-----+
|Available        |      280|    220|  106400|  53200|    0|
+-----------------+---------+-------+--------+-------+-----+
|Utilization (%)  |        6|     92|      12|     34|    0|
+-----------------+---------+-------+--------+-------+-----+

+ Detail: 
    * Instance: 
    +--------------------------------+----------------------+---------+-------+------+------+-----+
    |            Instance            |        Module        | BRAM_18K| DSP48E|  FF  |  LUT | URAM|
    +--------------------------------+----------------------+---------+-------+------+------+-----+
    |dft_dmul_64ns_64ntde_U44        |dft_dmul_64ns_64ntde  |        0|     11|   317|   578|    0|
    |dft_fadd_32ns_32nocq_U35        |dft_fadd_32ns_32nocq  |        0|      2|   205|   390|    0|
    |dft_faddfsub_32nsncg_U34        |dft_faddfsub_32nsncg  |        0|      2|   205|   390|    0|
    |dft_fmul_32ns_32npcA_U36        |dft_fmul_32ns_32npcA  |        0|      3|   143|   321|    0|
    |dft_fmul_32ns_32npcA_U37        |dft_fmul_32ns_32npcA  |        0|      3|   143|   321|    0|
    |dft_fmul_32ns_32npcA_U38        |dft_fmul_32ns_32npcA  |        0|      3|   143|   321|    0|
    |dft_fmul_32ns_32npcA_U39        |dft_fmul_32ns_32npcA  |        0|      3|   143|   321|    0|
    |dft_fpext_32ns_64sc4_U43        |dft_fpext_32ns_64sc4  |        0|      0|   100|   138|    0|
    |dft_fptrunc_64ns_rcU_U41        |dft_fptrunc_64ns_rcU  |        0|      0|   128|   277|    0|
    |dft_fptrunc_64ns_rcU_U42        |dft_fptrunc_64ns_rcU  |        0|      0|   128|   277|    0|
    |dft_sitodp_32ns_6udo_U45        |dft_sitodp_32ns_6udo  |        0|      0|   412|   645|    0|
    |dft_sitofp_32ns_3qcK_U40        |dft_sitofp_32ns_3qcK  |        0|      0|   340|   554|    0|
    |grp_sin_or_cos_double_s_fu_199  |sin_or_cos_double_s   |        8|     88|  4885|  6725|    0|
    |grp_sin_or_cos_double_s_fu_218  |sin_or_cos_double_s   |        8|     88|  4885|  6725|    0|
    +--------------------------------+----------------------+---------+-------+------+------+-----+
    |Total                           |                      |       16|    203| 12177| 17983|    0|
    +--------------------------------+----------------------+---------+-------+------+------+-----+

    * DSP48E: 
    N/A

    * Memory: 
    +-------------+---------------+---------+---+----+-----+------+-----+------+-------------+
    |    Memory   |     Module    | BRAM_18K| FF| LUT| URAM| Words| Bits| Banks| W*Bits*Banks|
    +-------------+---------------+---------+---+----+-----+------+-----+------+-------------+
    |real_temp_U  |dft_real_temp  |        1|  0|   0|    0|   256|   32|     1|         8192|
    |imag_temp_U  |dft_real_temp  |        1|  0|   0|    0|   256|   32|     1|         8192|
    +-------------+---------------+---------+---+----+-----+------+-----+------+-------------+
    |Total        |               |        2|  0|   0|    0|   512|   64|     2|        16384|
    +-------------+---------------+---------+---+----+-----+------+-----+------+-------------+

    * FIFO: 
    N/A

    * Expression: 
    +----------------------------------+----------+-------+---+----+------------+------------+
    |           Variable Name          | Operation| DSP48E| FF| LUT| Bitwidth P0| Bitwidth P1|
    +----------------------------------+----------+-------+---+----+------------+------------+
    |i_fu_315_p2                       |     +    |      0|  0|  15|           9|           1|
    |j_fu_338_p2                       |     +    |      0|  0|  15|           9|           1|
    |k_fu_371_p2                       |     +    |      0|  0|  15|           9|           1|
    |icmp_ln13_fu_332_p2               |   icmp   |      0|  0|  13|           9|          10|
    |icmp_ln22_fu_365_p2               |   icmp   |      0|  0|  13|           9|          10|
    |icmp_ln9_fu_309_p2                |   icmp   |      0|  0|  13|           9|          10|
    |ap_block_state29_on_subcall_done  |    or    |      0|  0|   2|           1|           1|
    |xor_ln15_fu_348_p2                |    xor   |      0|  0|  65|          64|          65|
    +----------------------------------+----------+-------+---+----+------------+------------+
    |Total                             |          |      0|  0| 151|         119|          99|
    +----------------------------------+----------+-------+---+----+------------+------------+

    * Multiplexer: 
    +----------------------+-----+-----------+-----+-----------+
    |         Name         | LUT | Input Size| Bits| Total Bits|
    +----------------------+-----+-----------+-----+-----------+
    |ap_NS_fsm             |  209|         48|    1|         48|
    |empty_43_reg_152      |    9|          2|   32|         64|
    |empty_44_reg_164      |    9|          2|   32|         64|
    |grp_fu_237_opcode     |   15|          3|    2|          6|
    |grp_fu_237_p0         |   15|          3|   32|         96|
    |grp_fu_237_p1         |   15|          3|   32|         96|
    |grp_fu_241_p0         |   15|          3|   32|         96|
    |grp_fu_241_p1         |   15|          3|   32|         96|
    |grp_fu_247_p0         |   15|          3|   32|         96|
    |grp_fu_247_p1         |   15|          3|   32|         96|
    |grp_fu_266_p0         |   15|          3|   64|        192|
    |i_0_reg_140           |    9|          2|    9|         18|
    |imag_sample_address0  |   15|          3|    8|         24|
    |imag_temp_address0    |   21|          4|    8|         32|
    |imag_temp_d0          |   15|          3|   32|         96|
    |j_0_reg_176           |    9|          2|    9|         18|
    |k_0_reg_188           |    9|          2|    9|         18|
    |real_sample_address0  |   15|          3|    8|         24|
    |real_temp_address0    |   21|          4|    8|         32|
    |real_temp_d0          |   15|          3|   32|         96|
    +----------------------+-----+-----------+-----+-----------+
    |Total                 |  476|        102|  446|       1308|
    +----------------------+-----+-----------+-----+-----------+

    * Register: 
    +---------------------------------------------+----+----+-----+-----------+
    |                     Name                    | FF | LUT| Bits| Const Bits|
    +---------------------------------------------+----+----+-----+-----------+
    |ap_CS_fsm                                    |  47|   0|   47|          0|
    |empty_43_reg_152                             |  32|   0|   32|          0|
    |empty_44_reg_164                             |  32|   0|   32|          0|
    |grp_sin_or_cos_double_s_fu_199_ap_start_reg  |   1|   0|    1|          0|
    |grp_sin_or_cos_double_s_fu_218_ap_start_reg  |   1|   0|    1|          0|
    |i_0_reg_140                                  |   9|   0|    9|          0|
    |i_reg_391                                    |   9|   0|    9|          0|
    |imag_sample_load_reg_483                     |  32|   0|   32|          0|
    |imag_temp_addr_reg_411                       |   8|   0|    8|          0|
    |j_0_reg_176                                  |   9|   0|    9|          0|
    |j_reg_429                                    |   9|   0|    9|          0|
    |k_0_reg_188                                  |   9|   0|    9|          0|
    |k_reg_507                                    |   9|   0|    9|          0|
    |real_sample_load_reg_477                     |  32|   0|   32|          0|
    |real_temp_addr_reg_406                       |   8|   0|    8|          0|
    |reg_284                                      |  32|   0|   32|          0|
    |reg_290                                      |  32|   0|   32|          0|
    |reg_297                                      |  32|   0|   32|          0|
    |theta_reg_416                                |  32|   0|   32|          0|
    |thetac_reg_465                               |  32|   0|   32|          0|
    |thetas_reg_471                               |  32|   0|   32|          0|
    |tmp_2_reg_401                                |  64|   0|   64|          0|
    |tmp_3_reg_489                                |  32|   0|   32|          0|
    |tmp_4_reg_434                                |  32|   0|   32|          0|
    |tmp_6_reg_494                                |  32|   0|   32|          0|
    |tmp_7_reg_499                                |  32|   0|   32|          0|
    |tmp_reg_396                                  |  64|   0|   64|          0|
    |x_assign_reg_439                             |  64|   0|   64|          0|
    |zext_ln23_reg_512                            |   9|   0|   64|         55|
    +---------------------------------------------+----+----+-----+-----------+
    |Total                                        | 768|   0|  823|         55|
    +---------------------------------------------+----+----+-----+-----------+



================================================================
== Interface
================================================================
* Summary: 
+----------------------+-----+-----+------------+--------------+--------------+
|       RTL Ports      | Dir | Bits|  Protocol  | Source Object|    C Type    |
+----------------------+-----+-----+------------+--------------+--------------+
|ap_clk                |  in |    1| ap_ctrl_hs |      dft     | return value |
|ap_rst                |  in |    1| ap_ctrl_hs |      dft     | return value |
|ap_start              |  in |    1| ap_ctrl_hs |      dft     | return value |
|ap_done               | out |    1| ap_ctrl_hs |      dft     | return value |
|ap_idle               | out |    1| ap_ctrl_hs |      dft     | return value |
|ap_ready              | out |    1| ap_ctrl_hs |      dft     | return value |
|real_sample_address0  | out |    8|  ap_memory |  real_sample |     array    |
|real_sample_ce0       | out |    1|  ap_memory |  real_sample |     array    |
|real_sample_we0       | out |    1|  ap_memory |  real_sample |     array    |
|real_sample_d0        | out |   32|  ap_memory |  real_sample |     array    |
|real_sample_q0        |  in |   32|  ap_memory |  real_sample |     array    |
|imag_sample_address0  | out |    8|  ap_memory |  imag_sample |     array    |
|imag_sample_ce0       | out |    1|  ap_memory |  imag_sample |     array    |
|imag_sample_we0       | out |    1|  ap_memory |  imag_sample |     array    |
|imag_sample_d0        | out |   32|  ap_memory |  imag_sample |     array    |
|imag_sample_q0        |  in |   32|  ap_memory |  imag_sample |     array    |
+----------------------+-----+-----+------------+--------------+--------------+

