

================================================================
== Vivado HLS Report for 'cordiccart2pol'
================================================================
* Date:           Tue Oct 20 16:20:50 2020

* Version:        2020.1 (Build 2897737 on Wed May 27 20:21:37 MDT 2020)
* Project:        cordiccart2pol
* Solution:       solution1
* Product family: zynq
* Target device:  xc7z020-clg400-1


================================================================
== Performance Estimates
================================================================
+ Timing: 
    * Summary: 
    +--------+----------+----------+------------+
    |  Clock |  Target  | Estimated| Uncertainty|
    +--------+----------+----------+------------+
    |ap_clk  | 10.00 ns | 8.700 ns |   1.25 ns  |
    +--------+----------+----------+------------+

+ Latency: 
    * Summary: 
    +---------+---------+----------+----------+-----+-----+---------+
    |  Latency (cycles) |  Latency (absolute) |  Interval | Pipeline|
    |   min   |   max   |    min   |    max   | min | max |   Type  |
    +---------+---------+----------+----------+-----+-----+---------+
    |       17|       17| 0.170 us | 0.170 us |   17|   17|   none  |
    +---------+---------+----------+----------+-----+-----+---------+

    + Detail: 
        * Instance: 
        N/A

        * Loop: 
        N/A



================================================================
== Utilization Estimates
================================================================
* Summary: 
+-----------------+---------+-------+--------+-------+-----+
|       Name      | BRAM_18K| DSP48E|   FF   |  LUT  | URAM|
+-----------------+---------+-------+--------+-------+-----+
|DSP              |        -|      -|       -|      -|    -|
|Expression       |        -|      -|      80|   9367|    -|
|FIFO             |        -|      -|       -|      -|    -|
|Instance         |        -|      0|     200|    276|    -|
|Memory           |        -|      -|       -|      -|    -|
|Multiplexer      |        -|      -|       -|    165|    -|
|Register         |        -|      -|    2351|      -|    -|
+-----------------+---------+-------+--------+-------+-----+
|Total            |        0|      0|    2631|   9808|    0|
+-----------------+---------+-------+--------+-------+-----+
|Available        |      280|    220|  106400|  53200|    0|
+-----------------+---------+-------+--------+-------+-----+
|Utilization (%)  |        0|      0|       2|     18|    0|
+-----------------+---------+-------+--------+-------+-----+

+ Detail: 
    * Instance: 
    +-------------------------+----------------------+---------+-------+-----+-----+-----+
    |         Instance        |        Module        | BRAM_18K| DSP48E|  FF | LUT | URAM|
    +-------------------------+----------------------+---------+-------+-----+-----+-----+
    |cordiccart2pol_fpbkb_U1  |cordiccart2pol_fpbkb  |        0|      0|  100|  138|    0|
    |cordiccart2pol_fpbkb_U2  |cordiccart2pol_fpbkb  |        0|      0|  100|  138|    0|
    +-------------------------+----------------------+---------+-------+-----+-----+-----+
    |Total                    |                      |        0|      0|  200|  276|    0|
    +-------------------------+----------------------+---------+-------+-----+-----+-----+

    * DSP48E: 
    N/A

    * Memory: 
    N/A

    * FIFO: 
    N/A

    * Expression: 
    +-----------------------------+----------+-------+----+-----+------------+------------+
    |        Variable Name        | Operation| DSP48E| FF | LUT | Bitwidth P0| Bitwidth P1|
    +-----------------------------+----------+-------+----+-----+------------+------------+
    |add_ln581_1_fu_480_p2        |     +    |      0|   0|   12|           6|          12|
    |add_ln581_fu_372_p2          |     +    |      0|   0|   12|           6|          12|
    |add_ln703_10_fu_1188_p2      |     +    |      0|   0|   34|          23|          27|
    |add_ln703_11_fu_1274_p2      |     +    |      0|   0|   34|          27|          27|
    |add_ln703_12_fu_1336_p2      |     +    |      0|   0|   34|          21|          27|
    |add_ln703_13_fu_1318_p2      |     +    |      0|   0|   34|          27|          27|
    |add_ln703_14_fu_1341_p2      |     +    |      0|   0|   34|          22|          27|
    |add_ln703_15_fu_1401_p2      |     +    |      0|   0|   34|          27|          27|
    |add_ln703_16_fu_1427_p2      |     +    |      0|   0|   34|          20|          27|
    |add_ln703_17_fu_1451_p2      |     +    |      0|   0|   34|          27|          27|
    |add_ln703_18_fu_1457_p2      |     +    |      0|   0|   34|          21|          27|
    |add_ln703_19_fu_1543_p2      |     +    |      0|   0|   34|          27|          27|
    |add_ln703_1_fu_899_p2        |     +    |      0|   0|   34|          24|          27|
    |add_ln703_20_fu_1605_p2      |     +    |      0|   0|   34|          19|          27|
    |add_ln703_21_fu_1587_p2      |     +    |      0|   0|   34|          27|          27|
    |add_ln703_22_fu_1610_p2      |     +    |      0|   0|   34|          20|          27|
    |add_ln703_23_fu_1670_p2      |     +    |      0|   0|   34|          27|          27|
    |add_ln703_24_fu_1696_p2      |     +    |      0|   0|   34|          18|          27|
    |add_ln703_25_fu_1720_p2      |     +    |      0|   0|   34|          27|          27|
    |add_ln703_26_fu_1726_p2      |     +    |      0|   0|   34|          19|          27|
    |add_ln703_27_fu_1812_p2      |     +    |      0|   0|   34|          27|          27|
    |add_ln703_28_fu_1874_p2      |     +    |      0|   0|   34|          17|          27|
    |add_ln703_29_fu_1856_p2      |     +    |      0|   0|   34|          27|          27|
    |add_ln703_2_fu_919_p2        |     +    |      0|   0|   34|          25|          27|
    |add_ln703_30_fu_1879_p2      |     +    |      0|   0|   34|          18|          27|
    |add_ln703_31_fu_1939_p2      |     +    |      0|   0|   34|          27|          27|
    |add_ln703_32_fu_1965_p2      |     +    |      0|   0|   34|          16|          27|
    |add_ln703_33_fu_1989_p2      |     +    |      0|   0|   34|          27|          27|
    |add_ln703_34_fu_1995_p2      |     +    |      0|   0|   34|          17|          27|
    |add_ln703_35_fu_2081_p2      |     +    |      0|   0|   34|          27|          27|
    |add_ln703_36_fu_2143_p2      |     +    |      0|   0|   34|          15|          27|
    |add_ln703_37_fu_2125_p2      |     +    |      0|   0|   34|          27|          27|
    |add_ln703_38_fu_2148_p2      |     +    |      0|   0|   34|          16|          27|
    |add_ln703_39_fu_2208_p2      |     +    |      0|   0|   34|          27|          27|
    |add_ln703_3_fu_1005_p2       |     +    |      0|   0|   34|          27|          27|
    |add_ln703_40_fu_2234_p2      |     +    |      0|   0|   34|          14|          27|
    |add_ln703_41_fu_2258_p2      |     +    |      0|   0|   34|          27|          27|
    |add_ln703_42_fu_2264_p2      |     +    |      0|   0|   34|          15|          27|
    |add_ln703_43_fu_2350_p2      |     +    |      0|   0|   34|          27|          27|
    |add_ln703_44_fu_2412_p2      |     +    |      0|   0|   34|          13|          27|
    |add_ln703_45_fu_2394_p2      |     +    |      0|   0|   34|          27|          27|
    |add_ln703_46_fu_2417_p2      |     +    |      0|   0|   34|          14|          27|
    |add_ln703_47_fu_2477_p2      |     +    |      0|   0|   34|          27|          27|
    |add_ln703_48_fu_2503_p2      |     +    |      0|   0|   34|          12|          27|
    |add_ln703_49_fu_2527_p2      |     +    |      0|   0|   34|          27|          27|
    |add_ln703_4_fu_1067_p2       |     +    |      0|   0|   34|          23|          27|
    |add_ln703_50_fu_2533_p2      |     +    |      0|   0|   34|          13|          27|
    |add_ln703_51_fu_2619_p2      |     +    |      0|   0|   34|          27|          27|
    |add_ln703_52_fu_2681_p2      |     +    |      0|   0|   34|          11|          27|
    |add_ln703_53_fu_2663_p2      |     +    |      0|   0|   34|          27|          27|
    |add_ln703_54_fu_2686_p2      |     +    |      0|   0|   34|          12|          27|
    |add_ln703_55_fu_2746_p2      |     +    |      0|   0|   34|          27|          27|
    |add_ln703_56_fu_2772_p2      |     +    |      0|   0|   34|          10|          27|
    |add_ln703_57_fu_2796_p2      |     +    |      0|   0|   34|          27|          27|
    |add_ln703_58_fu_2802_p2      |     +    |      0|   0|   34|          11|          27|
    |add_ln703_59_fu_2907_p2      |     +    |      0|   0|   34|          27|          27|
    |add_ln703_5_fu_1049_p2       |     +    |      0|   0|   34|          27|          27|
    |add_ln703_60_fu_2912_p2      |     +    |      0|   0|   34|           9|          27|
    |add_ln703_61_fu_2925_p2      |     +    |      0|   0|   34|          10|          27|
    |add_ln703_62_fu_3162_p2      |     +    |      0|   0|   31|          24|          24|
    |add_ln703_63_fu_3172_p2      |     +    |      0|   0|   34|          27|          27|
    |add_ln703_64_fu_3238_p2      |     +    |      0|   0|    8|          21|          21|
    |add_ln703_65_fu_3178_p2      |     +    |      0|   0|   25|          18|          18|
    |add_ln703_66_fu_3247_p2      |     +    |      0|   0|    8|          21|          21|
    |add_ln703_67_fu_3257_p2      |     +    |      0|   0|    8|          27|          27|
    |add_ln703_68_fu_3184_p2      |     +    |      0|   0|   23|          16|          16|
    |add_ln703_69_fu_3190_p2      |     +    |      0|   0|   13|          11|          11|
    |add_ln703_6_fu_1072_p2       |     +    |      0|   0|   34|          24|          27|
    |add_ln703_70_fu_3265_p2      |     +    |      0|   0|    8|          16|          16|
    |add_ln703_71_fu_3196_p2      |     +    |      0|   0|    8|           9|           9|
    |add_ln703_72_fu_3202_p2      |     +    |      0|   0|   15|           6|           6|
    |add_ln703_73_fu_3212_p2      |     +    |      0|   0|    8|           9|           9|
    |add_ln703_74_fu_3273_p2      |     +    |      0|   0|    8|          16|          16|
    |add_ln703_75_fu_3283_p2      |     +    |      0|   0|    8|          27|          27|
    |add_ln703_7_fu_1132_p2       |     +    |      0|   0|   34|          27|          27|
    |add_ln703_8_fu_1158_p2       |     +    |      0|   0|   34|          22|          27|
    |add_ln703_9_fu_1182_p2       |     +    |      0|   0|   34|          27|          27|
    |add_ln703_fu_887_p2          |     +    |      0|   0|   34|          27|          27|
    |add_ln949_1_fu_3646_p2       |     +    |      0|   0|   34|           6|          27|
    |add_ln949_fu_3424_p2         |     +    |      0|   0|   34|           6|          27|
    |add_ln958_1_fu_3740_p2       |     +    |      0|   0|   39|           6|          32|
    |add_ln958_fu_3512_p2         |     +    |      0|   0|   39|           6|          32|
    |add_ln964_1_fu_3807_p2       |     +    |      0|   0|    8|           8|           8|
    |add_ln964_fu_3700_p2         |     +    |      0|   0|    8|           8|           8|
    |lsb_index_1_fu_3573_p2       |     +    |      0|   0|   39|           6|          32|
    |lsb_index_fu_3351_p2         |     +    |      0|   0|   39|           6|          32|
    |m_12_fu_3769_p2              |     +    |      0|   0|   39|          32|          32|
    |m_2_fu_3541_p2               |     +    |      0|   0|   39|          32|          32|
    |F2_1_fu_468_p2               |     -    |      0|   0|   12|          11|          12|
    |F2_fu_360_p2                 |     -    |      0|   0|   12|          11|          12|
    |man_V_1_fu_340_p2            |     -    |      0|   0|   61|           1|          54|
    |man_V_4_fu_448_p2            |     -    |      0|   0|   61|           1|          54|
    |sub_ln581_1_fu_486_p2        |     -    |      0|   0|   12|           5|          12|
    |sub_ln581_fu_378_p2          |     -    |      0|   0|   12|           5|          12|
    |sub_ln703_10_fu_1563_p2      |     -    |      0|   0|   34|          27|          27|
    |sub_ln703_11_fu_1581_p2      |     -    |      0|   0|   34|          27|          27|
    |sub_ln703_12_fu_1690_p2      |     -    |      0|   0|   34|          27|          27|
    |sub_ln703_13_fu_1714_p2      |     -    |      0|   0|   34|          27|          27|
    |sub_ln703_14_fu_1832_p2      |     -    |      0|   0|   34|          27|          27|
    |sub_ln703_15_fu_1850_p2      |     -    |      0|   0|   34|          27|          27|
    |sub_ln703_16_fu_1959_p2      |     -    |      0|   0|   34|          27|          27|
    |sub_ln703_17_fu_1983_p2      |     -    |      0|   0|   34|          27|          27|
    |sub_ln703_18_fu_2101_p2      |     -    |      0|   0|   34|          27|          27|
    |sub_ln703_19_fu_2119_p2      |     -    |      0|   0|   34|          27|          27|
    |sub_ln703_1_fu_913_p2        |     -    |      0|   0|   34|          27|          27|
    |sub_ln703_20_fu_2228_p2      |     -    |      0|   0|   34|          27|          27|
    |sub_ln703_21_fu_2252_p2      |     -    |      0|   0|   34|          27|          27|
    |sub_ln703_22_fu_2370_p2      |     -    |      0|   0|   34|          27|          27|
    |sub_ln703_23_fu_2388_p2      |     -    |      0|   0|   34|          27|          27|
    |sub_ln703_24_fu_2497_p2      |     -    |      0|   0|   34|          27|          27|
    |sub_ln703_25_fu_2521_p2      |     -    |      0|   0|   34|          27|          27|
    |sub_ln703_26_fu_2639_p2      |     -    |      0|   0|   34|          27|          27|
    |sub_ln703_27_fu_2657_p2      |     -    |      0|   0|   34|          27|          27|
    |sub_ln703_28_fu_2766_p2      |     -    |      0|   0|   34|          27|          27|
    |sub_ln703_29_fu_2790_p2      |     -    |      0|   0|   34|          27|          27|
    |sub_ln703_2_fu_1025_p2       |     -    |      0|   0|   34|          27|          27|
    |sub_ln703_30_fu_2920_p2      |     -    |      0|   0|   34|          27|          27|
    |sub_ln703_3_fu_1043_p2       |     -    |      0|   0|   34|          27|          27|
    |sub_ln703_4_fu_1152_p2       |     -    |      0|   0|   34|          27|          27|
    |sub_ln703_5_fu_1176_p2       |     -    |      0|   0|   34|          27|          27|
    |sub_ln703_6_fu_1294_p2       |     -    |      0|   0|   34|          27|          27|
    |sub_ln703_7_fu_1312_p2       |     -    |      0|   0|   34|          27|          27|
    |sub_ln703_8_fu_1421_p2       |     -    |      0|   0|   34|          27|          27|
    |sub_ln703_9_fu_1445_p2       |     -    |      0|   0|   34|          27|          27|
    |sub_ln703_fu_893_p2          |     -    |      0|   0|   34|          27|          27|
    |sub_ln939_fu_3289_p2         |     -    |      0|   0|   33|           1|          26|
    |sub_ln944_1_fu_3564_p2       |     -    |      0|   0|   39|           5|          32|
    |sub_ln944_fu_3342_p2         |     -    |      0|   0|   39|           5|          32|
    |sub_ln947_1_fu_3599_p2       |     -    |      0|   0|   15|           5|           5|
    |sub_ln947_fu_3377_p2         |     -    |      0|   0|   15|           5|           5|
    |sub_ln958_1_fu_3751_p2       |     -    |      0|   0|   39|           5|          32|
    |sub_ln958_fu_3523_p2         |     -    |      0|   0|   39|           5|          32|
    |sub_ln964_1_fu_3802_p2       |     -    |      0|   0|    8|           2|           8|
    |sub_ln964_fu_3695_p2         |     -    |      0|   0|    8|           2|           8|
    |tmp_V_fu_3468_p2             |     -    |      0|   0|   34|           1|          27|
    |a_1_fu_3626_p2               |    and   |      0|   0|    2|           1|           1|
    |a_fu_3404_p2                 |    and   |      0|   0|    2|           1|           1|
    |and_ln1494_fu_808_p2         |    and   |      0|   0|    2|           1|           1|
    |and_ln1495_10_fu_2284_p2     |    and   |      0|   0|    2|           1|           1|
    |and_ln1495_11_fu_2406_p2     |    and   |      0|   0|    2|           1|           1|
    |and_ln1495_12_fu_2553_p2     |    and   |      0|   0|    2|           1|           1|
    |and_ln1495_13_fu_2675_p2     |    and   |      0|   0|    2|           1|           1|
    |and_ln1495_14_fu_2822_p2     |    and   |      0|   0|    2|           1|           1|
    |and_ln1495_15_fu_2898_p2     |    and   |      0|   0|    2|           1|           1|
    |and_ln1495_1_fu_1061_p2      |    and   |      0|   0|    2|           1|           1|
    |and_ln1495_2_fu_1208_p2      |    and   |      0|   0|    2|           1|           1|
    |and_ln1495_3_fu_1330_p2      |    and   |      0|   0|    2|           1|           1|
    |and_ln1495_4_fu_1477_p2      |    and   |      0|   0|    2|           1|           1|
    |and_ln1495_5_fu_1599_p2      |    and   |      0|   0|    2|           1|           1|
    |and_ln1495_6_fu_1746_p2      |    and   |      0|   0|    2|           1|           1|
    |and_ln1495_7_fu_1868_p2      |    and   |      0|   0|    2|           1|           1|
    |and_ln1495_8_fu_2015_p2      |    and   |      0|   0|    2|           1|           1|
    |and_ln1495_9_fu_2137_p2      |    and   |      0|   0|    2|           1|           1|
    |and_ln1495_fu_939_p2         |    and   |      0|   0|    2|           1|           1|
    |and_ln581_1_fu_710_p2        |    and   |      0|   0|    2|           1|           1|
    |and_ln581_fu_582_p2          |    and   |      0|   0|    2|           1|           1|
    |and_ln582_1_fu_688_p2        |    and   |      0|   0|    2|           1|           1|
    |and_ln582_fu_560_p2          |    and   |      0|   0|    2|           1|           1|
    |and_ln585_1_fu_607_p2        |    and   |      0|   0|    2|           1|           1|
    |and_ln585_2_fu_721_p2        |    and   |      0|   0|    2|           1|           1|
    |and_ln585_3_fu_735_p2        |    and   |      0|   0|    2|           1|           1|
    |and_ln585_fu_593_p2          |    and   |      0|   0|    2|           1|           1|
    |and_ln603_1_fu_760_p2        |    and   |      0|   0|    2|           1|           1|
    |and_ln603_fu_632_p2          |    and   |      0|   0|    2|           1|           1|
    |and_ln949_1_fu_3659_p2       |    and   |      0|   0|    2|           1|           1|
    |and_ln949_fu_3437_p2         |    and   |      0|   0|    2|           1|           1|
    |p_Result_13_fu_3615_p2       |    and   |      0|   0|   27|          27|          27|
    |p_Result_8_fu_3393_p2        |    and   |      0|   0|   27|          27|          27|
    |ashr_ln586_1_fu_655_p2       |   ashr   |      0|   0|  162|          54|          54|
    |ashr_ln586_fu_527_p2         |   ashr   |      0|   0|  162|          54|          54|
    |l_1_fu_3497_p3               |   cttz   |      0|  40|   36|          32|           0|
    |l_fu_3322_p3                 |   cttz   |      0|  40|   36|          32|           0|
    |icmp_ln1494_10_fu_2061_p2    |   icmp   |      0|   0|   18|          27|           1|
    |icmp_ln1494_11_fu_2188_p2    |   icmp   |      0|   0|   18|          27|           1|
    |icmp_ln1494_12_fu_2330_p2    |   icmp   |      0|   0|   18|          27|           1|
    |icmp_ln1494_13_fu_2457_p2    |   icmp   |      0|   0|   18|          27|           1|
    |icmp_ln1494_14_fu_2599_p2    |   icmp   |      0|   0|   18|          27|           1|
    |icmp_ln1494_15_fu_2726_p2    |   icmp   |      0|   0|   18|          27|           1|
    |icmp_ln1494_16_fu_2868_p2    |   icmp   |      0|   0|   18|          27|           1|
    |icmp_ln1494_1_fu_881_p2      |   icmp   |      0|   0|   18|          27|           1|
    |icmp_ln1494_2_fu_985_p2      |   icmp   |      0|   0|   18|          27|           1|
    |icmp_ln1494_3_fu_1112_p2     |   icmp   |      0|   0|   18|          27|           1|
    |icmp_ln1494_4_fu_1254_p2     |   icmp   |      0|   0|   18|          27|           1|
    |icmp_ln1494_5_fu_1381_p2     |   icmp   |      0|   0|   18|          27|           1|
    |icmp_ln1494_6_fu_1523_p2     |   icmp   |      0|   0|   18|          27|           1|
    |icmp_ln1494_7_fu_1650_p2     |   icmp   |      0|   0|   18|          27|           1|
    |icmp_ln1494_8_fu_1792_p2     |   icmp   |      0|   0|   18|          27|           1|
    |icmp_ln1494_9_fu_1919_p2     |   icmp   |      0|   0|   18|          27|           1|
    |icmp_ln1494_fu_802_p2        |   icmp   |      0|   0|   18|          27|           1|
    |icmp_ln571_1_fu_462_p2       |   icmp   |      0|   0|   29|          63|           1|
    |icmp_ln571_fu_354_p2         |   icmp   |      0|   0|   29|          63|           1|
    |icmp_ln581_1_fu_474_p2       |   icmp   |      0|   0|   13|          12|           5|
    |icmp_ln581_fu_366_p2         |   icmp   |      0|   0|   13|          12|           5|
    |icmp_ln582_1_fu_500_p2       |   icmp   |      0|   0|   13|          12|           5|
    |icmp_ln582_fu_392_p2         |   icmp   |      0|   0|   13|          12|           5|
    |icmp_ln585_1_fu_641_p2       |   icmp   |      0|   0|   13|          12|           6|
    |icmp_ln585_fu_513_p2         |   icmp   |      0|   0|   13|          12|           6|
    |icmp_ln603_1_fu_646_p2       |   icmp   |      0|   0|   13|          12|           5|
    |icmp_ln603_fu_518_p2         |   icmp   |      0|   0|   13|          12|           5|
    |icmp_ln935_1_fu_3463_p2      |   icmp   |      0|   0|   18|          27|           1|
    |icmp_ln935_fu_3218_p2        |   icmp   |      0|   0|   18|          27|           1|
    |icmp_ln947_1_fu_3398_p2      |   icmp   |      0|   0|   18|          27|           1|
    |icmp_ln947_2_fu_3589_p2      |   icmp   |      0|   0|   18|          31|           1|
    |icmp_ln947_3_fu_3620_p2      |   icmp   |      0|   0|   18|          27|           1|
    |icmp_ln947_fu_3367_p2        |   icmp   |      0|   0|   18|          31|           1|
    |icmp_ln958_1_fu_3679_p2      |   icmp   |      0|   0|   18|          32|           1|
    |icmp_ln958_fu_3457_p2        |   icmp   |      0|   0|   18|          32|           1|
    |lshr_ln947_1_fu_3609_p2      |   lshr   |      0|   0|   81|           2|          27|
    |lshr_ln947_fu_3387_p2        |   lshr   |      0|   0|   81|           2|          27|
    |lshr_ln958_1_fu_3745_p2      |   lshr   |      0|   0|  101|          32|          32|
    |lshr_ln958_fu_3517_p2        |   lshr   |      0|   0|  101|          32|          32|
    |ap_block_state1              |    or    |      0|   0|    2|           1|           1|
    |or_ln1494_fu_830_p2          |    or    |      0|   0|    2|           1|           1|
    |or_ln581_1_fu_749_p2         |    or    |      0|   0|    2|           1|           1|
    |or_ln581_fu_621_p2           |    or    |      0|   0|    2|           1|           1|
    |or_ln582_1_fu_700_p2         |    or    |      0|   0|    2|           1|           1|
    |or_ln582_fu_572_p2           |    or    |      0|   0|    2|           1|           1|
    |or_ln949_2_fu_3443_p2        |    or    |      0|   0|    2|           1|           1|
    |or_ln949_fu_3665_p2          |    or    |      0|   0|    2|           1|           1|
    |m_10_fu_3762_p3              |  select  |      0|   0|   32|           1|          32|
    |m_1_fu_3534_p3               |  select  |      0|   0|   32|           1|          32|
    |man_V_2_fu_346_p3            |  select  |      0|   0|   54|           1|          54|
    |man_V_5_fu_454_p3            |  select  |      0|   0|   54|           1|          54|
    |r                            |  select  |      0|   0|   32|           1|           1|
    |select_ln1494_10_fu_1238_p3  |  select  |      0|   0|   27|           1|          27|
    |select_ln1494_11_fu_1346_p3  |  select  |      0|   0|   27|           1|          27|
    |select_ln1494_12_fu_1357_p3  |  select  |      0|   0|   27|           1|          27|
    |select_ln1494_13_fu_1368_p3  |  select  |      0|   0|   27|           1|          27|
    |select_ln1494_14_fu_1463_p3  |  select  |      0|   0|   27|           1|          27|
    |select_ln1494_15_fu_1491_p3  |  select  |      0|   0|   27|           1|          27|
    |select_ln1494_16_fu_1507_p3  |  select  |      0|   0|   27|           1|          27|
    |select_ln1494_17_fu_1615_p3  |  select  |      0|   0|   27|           1|          27|
    |select_ln1494_18_fu_1626_p3  |  select  |      0|   0|   27|           1|          27|
    |select_ln1494_19_fu_1637_p3  |  select  |      0|   0|   27|           1|          27|
    |select_ln1494_1_fu_836_p3    |  select  |      0|   0|   26|           1|          26|
    |select_ln1494_20_fu_1732_p3  |  select  |      0|   0|   27|           1|          27|
    |select_ln1494_21_fu_1760_p3  |  select  |      0|   0|   27|           1|          27|
    |select_ln1494_22_fu_1776_p3  |  select  |      0|   0|   27|           1|          27|
    |select_ln1494_23_fu_1884_p3  |  select  |      0|   0|   27|           1|          27|
    |select_ln1494_24_fu_1895_p3  |  select  |      0|   0|   27|           1|          27|
    |select_ln1494_25_fu_1906_p3  |  select  |      0|   0|   27|           1|          27|
    |select_ln1494_26_fu_2001_p3  |  select  |      0|   0|   27|           1|          27|
    |select_ln1494_27_fu_2029_p3  |  select  |      0|   0|   27|           1|          27|
    |select_ln1494_28_fu_2045_p3  |  select  |      0|   0|   27|           1|          27|
    |select_ln1494_29_fu_2153_p3  |  select  |      0|   0|   27|           1|          27|
    |select_ln1494_2_fu_925_p3    |  select  |      0|   0|   27|           1|          27|
    |select_ln1494_30_fu_2164_p3  |  select  |      0|   0|   27|           1|          27|
    |select_ln1494_31_fu_2175_p3  |  select  |      0|   0|   27|           1|          27|
    |select_ln1494_32_fu_2270_p3  |  select  |      0|   0|   27|           1|          27|
    |select_ln1494_33_fu_2298_p3  |  select  |      0|   0|   27|           1|          27|
    |select_ln1494_34_fu_2314_p3  |  select  |      0|   0|   27|           1|          27|
    |select_ln1494_35_fu_2422_p3  |  select  |      0|   0|   27|           1|          27|
    |select_ln1494_36_fu_2433_p3  |  select  |      0|   0|   27|           1|          27|
    |select_ln1494_37_fu_2444_p3  |  select  |      0|   0|   27|           1|          27|
    |select_ln1494_38_fu_2539_p3  |  select  |      0|   0|   27|           1|          27|
    |select_ln1494_39_fu_2567_p3  |  select  |      0|   0|   27|           1|          27|
    |select_ln1494_3_fu_953_p3    |  select  |      0|   0|   27|           1|          27|
    |select_ln1494_40_fu_2583_p3  |  select  |      0|   0|   27|           1|          27|
    |select_ln1494_41_fu_2691_p3  |  select  |      0|   0|   27|           1|          27|
    |select_ln1494_42_fu_2702_p3  |  select  |      0|   0|   27|           1|          27|
    |select_ln1494_43_fu_2713_p3  |  select  |      0|   0|   27|           1|          27|
    |select_ln1494_44_fu_2808_p3  |  select  |      0|   0|   27|           1|          27|
    |select_ln1494_45_fu_2836_p3  |  select  |      0|   0|   27|           1|          27|
    |select_ln1494_46_fu_2852_p3  |  select  |      0|   0|   27|           1|          27|
    |select_ln1494_47_fu_2930_p3  |  select  |      0|   0|   27|           1|          27|
    |select_ln1494_48_fu_2943_p3  |  select  |      0|   0|   27|           1|          27|
    |select_ln1494_4_fu_969_p3    |  select  |      0|   0|   27|           1|          27|
    |select_ln1494_5_fu_1077_p3   |  select  |      0|   0|   27|           1|          27|
    |select_ln1494_6_fu_1088_p3   |  select  |      0|   0|   27|           1|          27|
    |select_ln1494_7_fu_1099_p3   |  select  |      0|   0|   27|           1|          27|
    |select_ln1494_8_fu_1194_p3   |  select  |      0|   0|   27|           1|          27|
    |select_ln1494_9_fu_1222_p3   |  select  |      0|   0|   27|           1|          27|
    |select_ln1494_fu_822_p3      |  select  |      0|   0|   26|           1|          25|
    |select_ln1495_10_fu_1362_p3  |  select  |      0|   0|   27|           1|          27|
    |select_ln1495_11_fu_1374_p3  |  select  |      0|   0|   27|           1|          27|
    |select_ln1495_12_fu_1483_p3  |  select  |      0|   0|   27|           1|          27|
    |select_ln1495_13_fu_1499_p3  |  select  |      0|   0|   27|           1|          27|
    |select_ln1495_14_fu_1515_p3  |  select  |      0|   0|   27|           1|          27|
    |select_ln1495_15_fu_1620_p3  |  select  |      0|   0|   27|           1|          27|
    |select_ln1495_16_fu_1631_p3  |  select  |      0|   0|   27|           1|          27|
    |select_ln1495_17_fu_1643_p3  |  select  |      0|   0|   27|           1|          27|
    |select_ln1495_18_fu_1752_p3  |  select  |      0|   0|   27|           1|          27|
    |select_ln1495_19_fu_1768_p3  |  select  |      0|   0|   27|           1|          27|
    |select_ln1495_1_fu_961_p3    |  select  |      0|   0|   27|           1|          27|
    |select_ln1495_20_fu_1784_p3  |  select  |      0|   0|   27|           1|          27|
    |select_ln1495_21_fu_1889_p3  |  select  |      0|   0|   27|           1|          27|
    |select_ln1495_22_fu_1900_p3  |  select  |      0|   0|   27|           1|          27|
    |select_ln1495_23_fu_1912_p3  |  select  |      0|   0|   27|           1|          27|
    |select_ln1495_24_fu_2021_p3  |  select  |      0|   0|   27|           1|          27|
    |select_ln1495_25_fu_2037_p3  |  select  |      0|   0|   27|           1|          27|
    |select_ln1495_26_fu_2053_p3  |  select  |      0|   0|   27|           1|          27|
    |select_ln1495_27_fu_2158_p3  |  select  |      0|   0|   27|           1|          27|
    |select_ln1495_28_fu_2169_p3  |  select  |      0|   0|   27|           1|          27|
    |select_ln1495_29_fu_2181_p3  |  select  |      0|   0|   27|           1|          27|
    |select_ln1495_2_fu_977_p3    |  select  |      0|   0|   27|           1|          27|
    |select_ln1495_30_fu_2290_p3  |  select  |      0|   0|   27|           1|          27|
    |select_ln1495_31_fu_2306_p3  |  select  |      0|   0|   27|           1|          27|
    |select_ln1495_32_fu_2322_p3  |  select  |      0|   0|   27|           1|          27|
    |select_ln1495_33_fu_2427_p3  |  select  |      0|   0|   27|           1|          27|
    |select_ln1495_34_fu_2438_p3  |  select  |      0|   0|   27|           1|          27|
    |select_ln1495_35_fu_2450_p3  |  select  |      0|   0|   27|           1|          27|
    |select_ln1495_36_fu_2559_p3  |  select  |      0|   0|   27|           1|          27|
    |select_ln1495_37_fu_2575_p3  |  select  |      0|   0|   27|           1|          27|
    |select_ln1495_38_fu_2591_p3  |  select  |      0|   0|   27|           1|          27|
    |select_ln1495_39_fu_2696_p3  |  select  |      0|   0|   27|           1|          27|
    |select_ln1495_3_fu_1082_p3   |  select  |      0|   0|   27|           1|          27|
    |select_ln1495_40_fu_2707_p3  |  select  |      0|   0|   27|           1|          27|
    |select_ln1495_41_fu_2719_p3  |  select  |      0|   0|   27|           1|          27|
    |select_ln1495_42_fu_2828_p3  |  select  |      0|   0|   27|           1|          27|
    |select_ln1495_43_fu_2844_p3  |  select  |      0|   0|   27|           1|          27|
    |select_ln1495_44_fu_2860_p3  |  select  |      0|   0|   27|           1|          27|
    |select_ln1495_45_fu_2936_p3  |  select  |      0|   0|   27|           1|          27|
    |select_ln1495_46_fu_2949_p3  |  select  |      0|   0|   27|           1|          27|
    |select_ln1495_4_fu_1093_p3   |  select  |      0|   0|   27|           1|          27|
    |select_ln1495_5_fu_1105_p3   |  select  |      0|   0|   27|           1|          27|
    |select_ln1495_6_fu_1214_p3   |  select  |      0|   0|   27|           1|          27|
    |select_ln1495_7_fu_1230_p3   |  select  |      0|   0|   27|           1|          27|
    |select_ln1495_8_fu_1246_p3   |  select  |      0|   0|   27|           1|          27|
    |select_ln1495_9_fu_1351_p3   |  select  |      0|   0|   27|           1|          27|
    |select_ln1495_fu_945_p3      |  select  |      0|   0|   27|           1|          27|
    |select_ln582_1_fu_693_p3     |  select  |      0|   0|   27|           1|          27|
    |select_ln582_fu_565_p3       |  select  |      0|   0|   27|           1|          27|
    |select_ln585_1_fu_613_p3     |  select  |      0|   0|   27|           1|          27|
    |select_ln585_2_fu_727_p3     |  select  |      0|   0|   27|           1|          27|
    |select_ln585_3_fu_741_p3     |  select  |      0|   0|   27|           1|          27|
    |select_ln585_fu_599_p3       |  select  |      0|   0|   27|           1|          27|
    |select_ln588_1_fu_675_p3     |  select  |      0|   0|    2|           1|           2|
    |select_ln588_fu_547_p3       |  select  |      0|   0|    2|           1|           2|
    |select_ln964_1_fu_3795_p3    |  select  |      0|   0|    7|           1|           7|
    |select_ln964_fu_3688_p3      |  select  |      0|   0|    7|           1|           7|
    |sh_amt_1_fu_492_p3           |  select  |      0|   0|   12|           1|          12|
    |sh_amt_fu_384_p3             |  select  |      0|   0|   12|           1|          12|
    |theta                        |  select  |      0|   0|   32|           1|           1|
    |tmp_V_3_fu_3294_p3           |  select  |      0|   0|   26|           1|          26|
    |tmp_V_4_fu_3473_p3           |  select  |      0|   0|   27|           1|          27|
    |xfix_V_2_fu_854_p3           |  select  |      0|   0|   27|           1|          27|
    |xfix_V_3_fu_860_p3           |  select  |      0|   0|   27|           1|          27|
    |xfix_V_4_fu_774_p3           |  select  |      0|   0|   27|           1|          27|
    |yfix_V_2_fu_866_p3           |  select  |      0|   0|   27|           1|          27|
    |yfix_V_3_fu_871_p3           |  select  |      0|   0|   27|           1|          27|
    |yfix_V_4_fu_788_p3           |  select  |      0|   0|   27|           1|          27|
    |shl_ln604_1_fu_783_p2        |    shl   |      0|   0|   81|          27|          27|
    |shl_ln604_fu_769_p2          |    shl   |      0|   0|   81|          27|          27|
    |shl_ln958_1_fu_3756_p2       |    shl   |      0|   0|  101|          32|          32|
    |shl_ln958_fu_3528_p2         |    shl   |      0|   0|  101|          32|          32|
    |r_V_1_fu_849_p2              |    xor   |      0|   0|   27|          27|           2|
    |r_V_fu_844_p2                |    xor   |      0|   0|   27|          27|           2|
    |xor_ln1494_10_fu_2278_p2     |    xor   |      0|   0|    2|           1|           2|
    |xor_ln1494_11_fu_2400_p2     |    xor   |      0|   0|    2|           1|           2|
    |xor_ln1494_12_fu_2547_p2     |    xor   |      0|   0|    2|           1|           2|
    |xor_ln1494_13_fu_2669_p2     |    xor   |      0|   0|    2|           1|           2|
    |xor_ln1494_14_fu_2816_p2     |    xor   |      0|   0|    2|           1|           2|
    |xor_ln1494_15_fu_2892_p2     |    xor   |      0|   0|    2|           1|           2|
    |xor_ln1494_1_fu_1055_p2      |    xor   |      0|   0|    2|           1|           2|
    |xor_ln1494_2_fu_1202_p2      |    xor   |      0|   0|    2|           1|           2|
    |xor_ln1494_3_fu_1324_p2      |    xor   |      0|   0|    2|           1|           2|
    |xor_ln1494_4_fu_1471_p2      |    xor   |      0|   0|    2|           1|           2|
    |xor_ln1494_5_fu_1593_p2      |    xor   |      0|   0|    2|           1|           2|
    |xor_ln1494_6_fu_1740_p2      |    xor   |      0|   0|    2|           1|           2|
    |xor_ln1494_7_fu_1862_p2      |    xor   |      0|   0|    2|           1|           2|
    |xor_ln1494_8_fu_2009_p2      |    xor   |      0|   0|    2|           1|           2|
    |xor_ln1494_9_fu_2131_p2      |    xor   |      0|   0|    2|           1|           2|
    |xor_ln1494_fu_933_p2         |    xor   |      0|   0|    2|           1|           2|
    |xor_ln571_1_fu_683_p2        |    xor   |      0|   0|    2|           1|           2|
    |xor_ln571_fu_555_p2          |    xor   |      0|   0|    2|           1|           2|
    |xor_ln581_1_fu_754_p2        |    xor   |      0|   0|    2|           1|           2|
    |xor_ln581_fu_626_p2          |    xor   |      0|   0|    2|           1|           2|
    |xor_ln582_1_fu_704_p2        |    xor   |      0|   0|    2|           1|           2|
    |xor_ln582_fu_576_p2          |    xor   |      0|   0|    2|           1|           2|
    |xor_ln585_1_fu_715_p2        |    xor   |      0|   0|    2|           1|           2|
    |xor_ln585_fu_587_p2          |    xor   |      0|   0|    2|           1|           2|
    |xor_ln949_1_fu_3640_p2       |    xor   |      0|   0|    2|           1|           2|
    |xor_ln949_fu_3418_p2         |    xor   |      0|   0|    2|           1|           2|
    +-----------------------------+----------+-------+----+-----+------------+------------+
    |Total                        |          |      0|  80| 9367|        4205|        7152|
    +-----------------------------+----------+-------+----+-----+------------+------------+

    * Multiplexer: 
    +-----------------+----+-----------+-----+-----------+
    |       Name      | LUT| Input Size| Bits| Total Bits|
    +-----------------+----+-----------+-----+-----------+
    |ap_NS_fsm        |  93|         19|    1|         19|
    |x_ap_vld_in_sig  |   9|          2|    1|          2|
    |x_ap_vld_preg    |   9|          2|    1|          2|
    |x_blk_n          |   9|          2|    1|          2|
    |x_in_sig         |   9|          2|   32|         64|
    |y_ap_vld_in_sig  |   9|          2|    1|          2|
    |y_ap_vld_preg    |   9|          2|    1|          2|
    |y_blk_n          |   9|          2|    1|          2|
    |y_in_sig         |   9|          2|   32|         64|
    +-----------------+----+-----------+-----+-----------+
    |Total            | 165|         35|   71|        159|
    +-----------------+----+-----------+-----+-----------+

    * Register: 
    +---------------------------+----+----+-----+-----------+
    |            Name           | FF | LUT| Bits| Const Bits|
    +---------------------------+----+----+-----+-----------+
    |add_ln703_11_reg_4064      |  27|   0|   27|          0|
    |add_ln703_13_reg_4079      |  27|   0|   27|          0|
    |add_ln703_19_reg_4115      |  27|   0|   27|          0|
    |add_ln703_21_reg_4130      |  27|   0|   27|          0|
    |add_ln703_27_reg_4166      |  27|   0|   27|          0|
    |add_ln703_29_reg_4181      |  27|   0|   27|          0|
    |add_ln703_35_reg_4217      |  27|   0|   27|          0|
    |add_ln703_37_reg_4232      |  27|   0|   27|          0|
    |add_ln703_3_reg_4013       |  27|   0|   27|          0|
    |add_ln703_43_reg_4268      |  27|   0|   27|          0|
    |add_ln703_45_reg_4283      |  27|   0|   27|          0|
    |add_ln703_51_reg_4319      |  27|   0|   27|          0|
    |add_ln703_53_reg_4334      |  27|   0|   27|          0|
    |add_ln703_5_reg_4028       |  27|   0|   27|          0|
    |add_ln703_63_reg_4394      |  27|   0|   27|          0|
    |add_ln703_65_reg_4399      |  18|   0|   18|          0|
    |add_ln703_68_reg_4404      |  16|   0|   16|          0|
    |add_ln703_69_reg_4409      |  11|   0|   11|          0|
    |add_ln703_73_reg_4414      |   9|   0|    9|          0|
    |add_ln703_75_reg_4430      |  27|   0|   27|          0|
    |and_ln1494_reg_3978        |   1|   0|    1|          0|
    |and_ln1495_11_reg_4288     |   1|   0|    1|          0|
    |and_ln1495_13_reg_4339     |   1|   0|    1|          0|
    |and_ln1495_15_reg_4372     |   1|   0|    1|          0|
    |and_ln1495_1_reg_4033      |   1|   0|    1|          0|
    |and_ln1495_3_reg_4084      |   1|   0|    1|          0|
    |and_ln1495_5_reg_4135      |   1|   0|    1|          0|
    |and_ln1495_7_reg_4186      |   1|   0|    1|          0|
    |and_ln1495_9_reg_4237      |   1|   0|    1|          0|
    |and_ln603_1_reg_3953       |   1|   0|    1|          0|
    |and_ln603_reg_3938         |   1|   0|    1|          0|
    |ap_CS_fsm                  |  18|   0|   18|          0|
    |icmp_ln1494_10_reg_4210    |   1|   0|    1|          0|
    |icmp_ln1494_12_reg_4261    |   1|   0|    1|          0|
    |icmp_ln1494_14_reg_4312    |   1|   0|    1|          0|
    |icmp_ln1494_16_reg_4360    |   1|   0|    1|          0|
    |icmp_ln1494_2_reg_4006     |   1|   0|    1|          0|
    |icmp_ln1494_4_reg_4057     |   1|   0|    1|          0|
    |icmp_ln1494_6_reg_4108     |   1|   0|    1|          0|
    |icmp_ln1494_8_reg_4159     |   1|   0|    1|          0|
    |icmp_ln571_1_reg_3897      |   1|   0|    1|          0|
    |icmp_ln571_reg_3861        |   1|   0|    1|          0|
    |icmp_ln581_1_reg_3903      |   1|   0|    1|          0|
    |icmp_ln581_reg_3867        |   1|   0|    1|          0|
    |icmp_ln582_1_reg_3916      |   1|   0|    1|          0|
    |icmp_ln582_reg_3880        |   1|   0|    1|          0|
    |icmp_ln935_1_reg_4480      |   1|   0|    1|          0|
    |icmp_ln935_reg_4419        |   1|   0|    1|          0|
    |icmp_ln958_1_reg_4523      |   1|   0|    1|          0|
    |icmp_ln958_reg_4475        |   1|   0|    1|          0|
    |l_1_reg_4492               |  32|   0|   32|          0|
    |l_reg_4448                 |  32|   0|   32|          0|
    |lshr_ln1371_13_reg_4366    |  12|   0|   12|          0|
    |m_3_reg_4528               |  31|   0|   31|          0|
    |m_s_reg_4502               |  31|   0|   31|          0|
    |man_V_2_reg_3856           |  54|   0|   54|          0|
    |man_V_5_reg_3892           |  54|   0|   54|          0|
    |or_ln949_1_reg_4518        |   1|   0|   32|         31|
    |or_ln_reg_4470             |   1|   0|   32|         31|
    |p_Result_20_reg_4424       |   1|   0|    1|          0|
    |p_Result_23_reg_4458       |   1|   0|    1|          0|
    |select_ln1494_1_reg_3984   |  26|   0|   26|          0|
    |select_ln1495_12_reg_4091  |  27|   0|   27|          0|
    |select_ln1495_13_reg_4096  |  27|   0|   27|          0|
    |select_ln1495_14_reg_4101  |  27|   0|   27|          0|
    |select_ln1495_18_reg_4142  |  27|   0|   27|          0|
    |select_ln1495_19_reg_4147  |  27|   0|   27|          0|
    |select_ln1495_1_reg_3994   |  27|   0|   27|          0|
    |select_ln1495_20_reg_4152  |  27|   0|   27|          0|
    |select_ln1495_24_reg_4193  |  27|   0|   27|          0|
    |select_ln1495_25_reg_4198  |  27|   0|   27|          0|
    |select_ln1495_26_reg_4203  |  27|   0|   27|          0|
    |select_ln1495_2_reg_3999   |  27|   0|   27|          0|
    |select_ln1495_30_reg_4244  |  27|   0|   27|          0|
    |select_ln1495_31_reg_4249  |  27|   0|   27|          0|
    |select_ln1495_32_reg_4254  |  27|   0|   27|          0|
    |select_ln1495_36_reg_4295  |  27|   0|   27|          0|
    |select_ln1495_37_reg_4300  |  27|   0|   27|          0|
    |select_ln1495_38_reg_4305  |  27|   0|   27|          0|
    |select_ln1495_42_reg_4346  |  27|   0|   27|          0|
    |select_ln1495_44_reg_4353  |  27|   0|   27|          0|
    |select_ln1495_6_reg_4040   |  27|   0|   27|          0|
    |select_ln1495_7_reg_4045   |  27|   0|   27|          0|
    |select_ln1495_8_reg_4050   |  27|   0|   27|          0|
    |select_ln1495_reg_3989     |  27|   0|   27|          0|
    |select_ln585_1_reg_3933    |  27|   0|   27|          0|
    |select_ln585_3_reg_3948    |  27|   0|   27|          0|
    |sext_ln581_1_reg_3943      |  32|   0|   32|          0|
    |sext_ln581_reg_3928        |  32|   0|   32|          0|
    |sh_amt_1_reg_3909          |  12|   0|   12|          0|
    |sh_amt_reg_3873            |  12|   0|   12|          0|
    |sub_ln703_10_reg_4120      |  27|   0|   27|          0|
    |sub_ln703_11_reg_4125      |  27|   0|   27|          0|
    |sub_ln703_14_reg_4171      |  27|   0|   27|          0|
    |sub_ln703_15_reg_4176      |  27|   0|   27|          0|
    |sub_ln703_18_reg_4222      |  27|   0|   27|          0|
    |sub_ln703_19_reg_4227      |  27|   0|   27|          0|
    |sub_ln703_22_reg_4273      |  27|   0|   27|          0|
    |sub_ln703_23_reg_4278      |  27|   0|   27|          0|
    |sub_ln703_26_reg_4324      |  27|   0|   27|          0|
    |sub_ln703_27_reg_4329      |  27|   0|   27|          0|
    |sub_ln703_2_reg_4018       |  27|   0|   27|          0|
    |sub_ln703_3_reg_4023       |  27|   0|   27|          0|
    |sub_ln703_6_reg_4069       |  27|   0|   27|          0|
    |sub_ln703_7_reg_4074       |  27|   0|   27|          0|
    |sub_ln944_1_reg_4512       |  32|   0|   32|          0|
    |sub_ln944_reg_4464         |  32|   0|   32|          0|
    |tmp_29_reg_4507            |   1|   0|    1|          0|
    |tmp_33_reg_4533            |   1|   0|    1|          0|
    |tmp_8_reg_3972             |   1|   0|    1|          0|
    |tmp_V_3_reg_4437           |  26|   0|   26|          0|
    |tmp_V_4_reg_4485           |  27|   0|   27|          0|
    |trunc_ln1333_16_reg_4384   |  20|   0|   20|          0|
    |trunc_ln1333_17_reg_4389   |  19|   0|   19|          0|
    |trunc_ln1333_reg_4378      |  26|   0|   26|          0|
    |trunc_ln583_1_reg_3922     |  27|   0|   27|          0|
    |trunc_ln583_reg_3886       |  27|   0|   27|          0|
    |trunc_ln943_1_reg_4497     |   8|   0|    8|          0|
    |trunc_ln943_reg_4453       |   8|   0|    8|          0|
    |x_ap_vld_preg              |   1|   0|    1|          0|
    |x_preg                     |  32|   0|   32|          0|
    |xfix_V_4_reg_3958          |  27|   0|   27|          0|
    |y_ap_vld_preg              |   1|   0|    1|          0|
    |y_preg                     |  32|   0|   32|          0|
    |yfix_V_4_reg_3965          |  27|   0|   27|          0|
    |zext_ln938_reg_4442        |  26|   0|   27|          1|
    +---------------------------+----+----+-----+-----------+
    |Total                      |2351|   0| 2414|         63|
    +---------------------------+----+----+-----+-----------+



================================================================
== Interface
================================================================
* Summary: 
+--------------+-----+-----+------------+----------------+--------------+
|   RTL Ports  | Dir | Bits|  Protocol  |  Source Object |    C Type    |
+--------------+-----+-----+------------+----------------+--------------+
|ap_clk        |  in |    1| ap_ctrl_hs | cordiccart2pol | return value |
|ap_rst        |  in |    1| ap_ctrl_hs | cordiccart2pol | return value |
|ap_start      |  in |    1| ap_ctrl_hs | cordiccart2pol | return value |
|ap_done       | out |    1| ap_ctrl_hs | cordiccart2pol | return value |
|ap_idle       | out |    1| ap_ctrl_hs | cordiccart2pol | return value |
|ap_ready      | out |    1| ap_ctrl_hs | cordiccart2pol | return value |
|x             |  in |   32|   ap_vld   |        x       |    scalar    |
|x_ap_vld      |  in |    1|   ap_vld   |        x       |    scalar    |
|y             |  in |   32|   ap_vld   |        y       |    scalar    |
|y_ap_vld      |  in |    1|   ap_vld   |        y       |    scalar    |
|r             | out |   32|   ap_vld   |        r       |    pointer   |
|r_ap_vld      | out |    1|   ap_vld   |        r       |    pointer   |
|theta         | out |   32|   ap_vld   |      theta     |    pointer   |
|theta_ap_vld  | out |    1|   ap_vld   |      theta     |    pointer   |
+--------------+-----+-----+------------+----------------+--------------+

