

================================================================
== Vivado HLS Report for 'dft'
================================================================
* Date:           Mon Nov  2 01:11:15 2020

* Version:        2020.1 (Build 2897737 on Wed May 27 20:21:37 MDT 2020)
* Project:        hls4
* Solution:       solution14
* Product family: zynq
* Target device:  xc7z020-clg484-1


================================================================
== Performance Estimates
================================================================
+ Timing: 
    * Summary: 
    +--------+----------+----------+------------+
    |  Clock |  Target  | Estimated| Uncertainty|
    +--------+----------+----------+------------+
    |ap_clk  | 10.00 ns | 8.442 ns |   1.25 ns  |
    +--------+----------+----------+------------+

+ Latency: 
    * Summary: 
    +---------+---------+----------+----------+--------+--------+---------+
    |  Latency (cycles) |  Latency (absolute) |     Interval    | Pipeline|
    |   min   |   max   |    min   |    max   |   min  |   max  |   Type  |
    +---------+---------+----------+----------+--------+--------+---------+
    |   377345|   377345| 3.773 ms | 3.773 ms |  377345|  377345|   none  |
    +---------+---------+----------+----------+--------+--------+---------+

    + Detail: 
        * Instance: 
        N/A

        * Loop: 
        +-------------+---------+---------+----------+-----------+-----------+------+----------+
        |             |  Latency (cycles) | Iteration|  Initiation Interval  | Trip |          |
        |  Loop Name  |   min   |   max   |  Latency |  achieved |   target  | Count| Pipelined|
        +-------------+---------+---------+----------+-----------+-----------+------+----------+
        |- Loop 1     |   377344|   377344|      1474|          -|          -|   256|    no    |
        | + Loop 1.1  |     1472|     1472|        92|          -|          -|    16|    no    |
        +-------------+---------+---------+----------+-----------+-----------+------+----------+



================================================================
== Utilization Estimates
================================================================
* Summary: 
+-----------------+---------+-------+--------+-------+-----+
|       Name      | BRAM_18K| DSP48E|   FF   |  LUT  | URAM|
+-----------------+---------+-------+--------+-------+-----+
|DSP              |        -|      -|       -|      -|    -|
|Expression       |        -|      0|       0|    832|    -|
|FIFO             |        -|      -|       -|      -|    -|
|Instance         |        -|     20|    1392|   2844|    -|
|Memory           |        2|      -|       0|      0|    -|
|Multiplexer      |        -|      -|       -|   1014|    -|
|Register         |        -|      -|     694|      -|    -|
+-----------------+---------+-------+--------+-------+-----+
|Total            |        2|     20|    2086|   4690|    0|
+-----------------+---------+-------+--------+-------+-----+
|Available        |      280|    220|  106400|  53200|    0|
+-----------------+---------+-------+--------+-------+-----+
|Utilization (%)  |    ~0   |      9|       1|      8|    0|
+-----------------+---------+-------+--------+-------+-----+

+ Detail: 
    * Instance: 
    +-------------------------+----------------------+---------+-------+-----+-----+-----+
    |         Instance        |        Module        | BRAM_18K| DSP48E|  FF | LUT | URAM|
    +-------------------------+----------------------+---------+-------+-----+-----+-----+
    |dft_fadd_32ns_32neOg_U2  |dft_fadd_32ns_32neOg  |        0|      2|  205|  390|    0|
    |dft_fadd_32ns_32neOg_U4  |dft_fadd_32ns_32neOg  |        0|      2|  205|  390|    0|
    |dft_faddfsub_32nsdEe_U1  |dft_faddfsub_32nsdEe  |        0|      2|  205|  390|    0|
    |dft_fmul_32ns_32ng8j_U5  |dft_fmul_32ns_32ng8j  |        0|      3|  143|  321|    0|
    |dft_fmul_32ns_32ng8j_U6  |dft_fmul_32ns_32ng8j  |        0|      3|  143|  321|    0|
    |dft_fmul_32ns_32ng8j_U7  |dft_fmul_32ns_32ng8j  |        0|      3|  143|  321|    0|
    |dft_fmul_32ns_32ng8j_U8  |dft_fmul_32ns_32ng8j  |        0|      3|  143|  321|    0|
    |dft_fsub_32ns_32nfYi_U3  |dft_fsub_32ns_32nfYi  |        0|      2|  205|  390|    0|
    +-------------------------+----------------------+---------+-------+-----+-----+-----+
    |Total                    |                      |        0|     20| 1392| 2844|    0|
    +-------------------------+----------------------+---------+-------+-----+-----+-----+

    * DSP48E: 
    N/A

    * Memory: 
    +------------------------+----------------------+---------+---+----+-----+------+-----+------+-------------+
    |         Memory         |        Module        | BRAM_18K| FF| LUT| URAM| Words| Bits| Banks| W*Bits*Banks|
    +------------------------+----------------------+---------+---+----+-----+------+-----+------+-------------+
    |cos_coefficients_tab_U  |dft_cos_coefficiebkb  |        1|  0|   0|    0|   256|   32|     1|         8192|
    |sin_coefficients_tab_U  |dft_sin_coefficiecud  |        1|  0|   0|    0|   256|   32|     1|         8192|
    +------------------------+----------------------+---------+---+----+-----+------+-----+------+-------------+
    |Total                   |                      |        2|  0|   0|    0|   512|   64|     2|        16384|
    +------------------------+----------------------+---------+---+----+-----+------+-----+------+-------------+

    * FIFO: 
    N/A

    * Expression: 
    +------------------------+----------+-------+---+----+------------+------------+
    |      Variable Name     | Operation| DSP48E| FF| LUT| Bitwidth P0| Bitwidth P1|
    +------------------------+----------+-------+---+----+------------+------------+
    |mul_ln17_10_fu_1166_p2  |     *    |      0|  0|  41|           8|           8|
    |mul_ln17_11_fu_1198_p2  |     *    |      0|  0|  41|           8|           8|
    |mul_ln17_12_fu_1230_p2  |     *    |      0|  0|  41|           8|           8|
    |mul_ln17_13_fu_1262_p2  |     *    |      0|  0|  41|           8|           8|
    |mul_ln17_14_fu_1294_p2  |     *    |      0|  0|  41|           8|           8|
    |mul_ln17_15_fu_1326_p2  |     *    |      0|  0|  41|           8|           8|
    |mul_ln17_1_fu_894_p2    |     *    |      0|  0|  41|           8|           8|
    |mul_ln17_2_fu_910_p2    |     *    |      0|  0|  41|           8|           8|
    |mul_ln17_3_fu_942_p2    |     *    |      0|  0|  41|           8|           8|
    |mul_ln17_4_fu_974_p2    |     *    |      0|  0|  41|           8|           8|
    |mul_ln17_5_fu_1006_p2   |     *    |      0|  0|  41|           8|           8|
    |mul_ln17_6_fu_1038_p2   |     *    |      0|  0|  41|           8|           8|
    |mul_ln17_7_fu_1070_p2   |     *    |      0|  0|  41|           8|           8|
    |mul_ln17_8_fu_1102_p2   |     *    |      0|  0|  41|           8|           8|
    |mul_ln17_9_fu_1134_p2   |     *    |      0|  0|  41|           8|           8|
    |mul_ln17_fu_856_p2      |     *    |      0|  0|  41|           8|           8|
    |add_ln15_fu_883_p2      |     +    |      0|  0|  15|           5|           9|
    |i_fu_834_p2             |     +    |      0|  0|  15|           1|           9|
    |icmp_ln12_fu_828_p2     |   icmp   |      0|  0|  13|           9|          10|
    |icmp_ln15_fu_846_p2     |   icmp   |      0|  0|  13|           9|          10|
    |or_ln15_10_fu_1193_p2   |    or    |      0|  0|   8|           8|           4|
    |or_ln15_11_fu_1225_p2   |    or    |      0|  0|   8|           8|           4|
    |or_ln15_12_fu_1257_p2   |    or    |      0|  0|   8|           8|           4|
    |or_ln15_13_fu_1289_p2   |    or    |      0|  0|   8|           8|           4|
    |or_ln15_14_fu_1321_p2   |    or    |      0|  0|   8|           8|           4|
    |or_ln15_1_fu_905_p2     |    or    |      0|  0|   8|           8|           2|
    |or_ln15_2_fu_937_p2     |    or    |      0|  0|   8|           8|           2|
    |or_ln15_3_fu_969_p2     |    or    |      0|  0|   8|           8|           3|
    |or_ln15_4_fu_1001_p2    |    or    |      0|  0|   8|           8|           3|
    |or_ln15_5_fu_1033_p2    |    or    |      0|  0|   8|           8|           3|
    |or_ln15_6_fu_1065_p2    |    or    |      0|  0|   8|           8|           3|
    |or_ln15_7_fu_1097_p2    |    or    |      0|  0|   8|           8|           4|
    |or_ln15_8_fu_1129_p2    |    or    |      0|  0|   8|           8|           4|
    |or_ln15_9_fu_1161_p2    |    or    |      0|  0|   8|           8|           4|
    |or_ln15_fu_889_p2       |    or    |      0|  0|   8|           8|           1|
    +------------------------+----------+-------+---+----+------------+------------+
    |Total                   |          |      0|  0| 832|         272|         215|
    +------------------------+----------+-------+---+----+------------+------------+

    * Multiplexer: 
    +-------------------------------+-----+-----------+-----+-----------+
    |              Name             | LUT | Input Size| Bits| Total Bits|
    +-------------------------------+-----+-----------+-----+-----------+
    |ap_NS_fsm                      |  413|         95|    1|         95|
    |cos_coefficients_tab_address0  |   85|         17|    8|        136|
    |grp_fu_704_opcode              |   15|          3|    2|          6|
    |grp_fu_704_p0                  |   21|          4|   32|        128|
    |grp_fu_704_p1                  |   21|          4|   32|        128|
    |grp_fu_708_p0                  |   21|          4|   32|        128|
    |grp_fu_708_p1                  |   21|          4|   32|        128|
    |grp_fu_722_p0                  |   15|          3|   32|         96|
    |grp_fu_726_p0                  |   15|          3|   32|         96|
    |grp_fu_730_p0                  |   15|          3|   32|         96|
    |grp_fu_734_p0                  |   15|          3|   32|         96|
    |i_0_reg_658                    |    9|          2|    9|         18|
    |imag_out_address0              |   15|          3|    8|         24|
    |imag_out_d0                    |   15|          3|   32|         96|
    |imag_out_load_0_reg_669        |    9|          2|   32|         64|
    |imag_sample_0_address0         |   44|          9|    7|         63|
    |imag_sample_1_address0         |   44|          9|    7|         63|
    |j_0_0_reg_693                  |    9|          2|    9|         18|
    |real_out_address0              |   15|          3|    8|         24|
    |real_out_d0                    |   15|          3|   32|         96|
    |real_out_load_0_reg_681        |    9|          2|   32|         64|
    |real_sample_0_address0         |   44|          9|    7|         63|
    |real_sample_1_address0         |   44|          9|    7|         63|
    |sin_coefficients_tab_address0  |   85|         17|    8|        136|
    +-------------------------------+-----+-----------+-----+-----------+
    |Total                          | 1014|        216|  465|       1925|
    +-------------------------------+-----+-----------+-----+-----------+

    * Register: 
    +-------------------------+----+----+-----+-----------+
    |           Name          | FF | LUT| Bits| Const Bits|
    +-------------------------+----+----+-----+-----------+
    |add_ln15_reg_1437        |   9|   0|    9|          0|
    |ap_CS_fsm                |  94|   0|   94|          0|
    |empty_7_reg_1392         |   8|   0|    8|          0|
    |i_0_reg_658              |   9|   0|    9|          0|
    |i_reg_1374               |   9|   0|    9|          0|
    |imag_out_addr_reg_1384   |   8|   0|    8|          0|
    |imag_out_load_0_reg_669  |  32|   0|   32|          0|
    |j_0_0_reg_693            |   9|   0|    9|          0|
    |lshr_ln18_13_reg_1727    |   4|   0|    7|          3|
    |mul_ln17_15_reg_1722     |   8|   0|    8|          0|
    |real_out_addr_reg_1379   |   8|   0|    8|          0|
    |real_out_load_0_reg_681  |  32|   0|   32|          0|
    |reg_738                  |  32|   0|   32|          0|
    |reg_744                  |  32|   0|   32|          0|
    |reg_750                  |  32|   0|   32|          0|
    |reg_756                  |  32|   0|   32|          0|
    |reg_762                  |  32|   0|   32|          0|
    |reg_768                  |  32|   0|   32|          0|
    |reg_774                  |  32|   0|   32|          0|
    |reg_780                  |  32|   0|   32|          0|
    |reg_786                  |  32|   0|   32|          0|
    |reg_792                  |  32|   0|   32|          0|
    |reg_798                  |  32|   0|   32|          0|
    |reg_806                  |  32|   0|   32|          0|
    |reg_814                  |  32|   0|   32|          0|
    |reg_819                  |  32|   0|   32|          0|
    |trunc_ln17_reg_1351      |   8|   0|    8|          0|
    |zext_ln18_reg_1411       |   8|   0|   64|         56|
    +-------------------------+----+----+-----+-----------+
    |Total                    | 694|   0|  753|         59|
    +-------------------------+----+----+-----+-----------+



================================================================
== Interface
================================================================
* Summary: 
+------------------------+-----+-----+------------+---------------+--------------+
|        RTL Ports       | Dir | Bits|  Protocol  | Source Object |    C Type    |
+------------------------+-----+-----+------------+---------------+--------------+
|ap_clk                  |  in |    1| ap_ctrl_hs |      dft      | return value |
|ap_rst                  |  in |    1| ap_ctrl_hs |      dft      | return value |
|ap_start                |  in |    1| ap_ctrl_hs |      dft      | return value |
|ap_done                 | out |    1| ap_ctrl_hs |      dft      | return value |
|ap_idle                 | out |    1| ap_ctrl_hs |      dft      | return value |
|ap_ready                | out |    1| ap_ctrl_hs |      dft      | return value |
|real_sample_0_address0  | out |    7|  ap_memory | real_sample_0 |     array    |
|real_sample_0_ce0       | out |    1|  ap_memory | real_sample_0 |     array    |
|real_sample_0_q0        |  in |   32|  ap_memory | real_sample_0 |     array    |
|real_sample_1_address0  | out |    7|  ap_memory | real_sample_1 |     array    |
|real_sample_1_ce0       | out |    1|  ap_memory | real_sample_1 |     array    |
|real_sample_1_q0        |  in |   32|  ap_memory | real_sample_1 |     array    |
|imag_sample_0_address0  | out |    7|  ap_memory | imag_sample_0 |     array    |
|imag_sample_0_ce0       | out |    1|  ap_memory | imag_sample_0 |     array    |
|imag_sample_0_q0        |  in |   32|  ap_memory | imag_sample_0 |     array    |
|imag_sample_1_address0  | out |    7|  ap_memory | imag_sample_1 |     array    |
|imag_sample_1_ce0       | out |    1|  ap_memory | imag_sample_1 |     array    |
|imag_sample_1_q0        |  in |   32|  ap_memory | imag_sample_1 |     array    |
|real_out_address0       | out |    8|  ap_memory |    real_out   |     array    |
|real_out_ce0            | out |    1|  ap_memory |    real_out   |     array    |
|real_out_we0            | out |    1|  ap_memory |    real_out   |     array    |
|real_out_d0             | out |   32|  ap_memory |    real_out   |     array    |
|imag_out_address0       | out |    8|  ap_memory |    imag_out   |     array    |
|imag_out_ce0            | out |    1|  ap_memory |    imag_out   |     array    |
|imag_out_we0            | out |    1|  ap_memory |    imag_out   |     array    |
|imag_out_d0             | out |   32|  ap_memory |    imag_out   |     array    |
+------------------------+-----+-----+------------+---------------+--------------+

