

================================================================
== Vivado HLS Report for 'dft'
================================================================
* Date:           Sun Nov  1 23:54:38 2020

* Version:        2020.1 (Build 2897737 on Wed May 27 20:21:37 MDT 2020)
* Project:        hls5
* Solution:       solution1
* Product family: zynq
* Target device:  xc7z020-clg484-1


================================================================
== Performance Estimates
================================================================
+ Timing: 
    * Summary: 
    +--------+----------+----------+------------+
    |  Clock |  Target  | Estimated| Uncertainty|
    +--------+----------+----------+------------+
    |ap_clk  | 10.00 ns | 7.424 ns |   1.25 ns  |
    +--------+----------+----------+------------+

+ Latency: 
    * Summary: 
    +---------+---------+----------+----------+--------+--------+---------+
    |  Latency (cycles) |  Latency (absolute) |     Interval    | Pipeline|
    |   min   |   max   |    min   |    max   |   min  |   max  |   Type  |
    +---------+---------+----------+----------+--------+--------+---------+
    |   721409|   721409| 7.214 ms | 7.214 ms |  721409|  721409|   none  |
    +---------+---------+----------+----------+--------+--------+---------+

    + Detail: 
        * Instance: 
        +---------------------+----------+---------+---------+-----------+-----------+-----+-----+----------+
        |                     |          |  Latency (cycles) |   Latency (absolute)  |  Interval | Pipeline |
        |       Instance      |  Module  |   min   |   max   |    min    |    max    | min | max |   Type   |
        +---------------------+----------+---------+---------+-----------+-----------+-----+-----+----------+
        |grp_muladdre_fu_127  |muladdre  |        8|        8| 80.000 ns | 80.000 ns |    8|    8| dataflow |
        |grp_muladdim_fu_143  |muladdim  |        8|        8| 80.000 ns | 80.000 ns |    8|    8| dataflow |
        +---------------------+----------+---------+---------+-----------+-----------+-----+-----+----------+

        * Loop: 
        +-------------+---------+---------+----------+-----------+-----------+------+----------+
        |             |  Latency (cycles) | Iteration|  Initiation Interval  | Trip |          |
        |  Loop Name  |   min   |   max   |  Latency |  achieved |   target  | Count| Pipelined|
        +-------------+---------+---------+----------+-----------+-----------+------+----------+
        |- Loop 1     |   721408|   721408|      2818|          -|          -|   256|    no    |
        | + Loop 1.1  |     2816|     2816|        11|          -|          -|   256|    no    |
        +-------------+---------+---------+----------+-----------+-----------+------+----------+



================================================================
== Utilization Estimates
================================================================
* Summary: 
+-----------------+---------+-------+--------+-------+-----+
|       Name      | BRAM_18K| DSP48E|   FF   |  LUT  | URAM|
+-----------------+---------+-------+--------+-------+-----+
|DSP              |        -|      -|       -|      -|    -|
|Expression       |        -|      0|       0|    107|    -|
|FIFO             |        -|      -|       -|      -|    -|
|Instance         |        0|     20|    2008|   4288|    -|
|Memory           |        2|      -|       0|      0|    -|
|Multiplexer      |        -|      -|       -|     51|    -|
|Register         |        -|      -|     247|      -|    -|
+-----------------+---------+-------+--------+-------+-----+
|Total            |        2|     20|    2255|   4446|    0|
+-----------------+---------+-------+--------+-------+-----+
|Available        |      280|    220|  106400|  53200|    0|
+-----------------+---------+-------+--------+-------+-----+
|Utilization (%)  |    ~0   |      9|       2|      8|    0|
+-----------------+---------+-------+--------+-------+-----+

+ Detail: 
    * Instance: 
    +---------------------+----------+---------+-------+------+------+-----+
    |       Instance      |  Module  | BRAM_18K| DSP48E|  FF  |  LUT | URAM|
    +---------------------+----------+---------+-------+------+------+-----+
    |grp_muladdim_fu_143  |muladdim  |        0|     10|  1004|  2144|    0|
    |grp_muladdre_fu_127  |muladdre  |        0|     10|  1004|  2144|    0|
    +---------------------+----------+---------+-------+------+------+-----+
    |Total                |          |        0|     20|  2008|  4288|    0|
    +---------------------+----------+---------+-------+------+------+-----+

    * DSP48E: 
    N/A

    * Memory: 
    +------------------------+----------------------+---------+---+----+-----+------+-----+------+-------------+
    |         Memory         |        Module        | BRAM_18K| FF| LUT| URAM| Words| Bits| Banks| W*Bits*Banks|
    +------------------------+----------------------+---------+---+----+-----+------+-----+------+-------------+
    |cos_coefficients_tab_U  |dft_cos_coefficieibs  |        1|  0|   0|    0|   256|   32|     1|         8192|
    |sin_coefficients_tab_U  |dft_sin_coefficiejbC  |        1|  0|   0|    0|   256|   32|     1|         8192|
    +------------------------+----------------------+---------+---+----+-----+------+-----+------+-------------+
    |Total                   |                      |        2|  0|   0|    0|   512|   64|     2|        16384|
    +------------------------+----------------------+---------+---+----+-----+------+-----+------+-------------+

    * FIFO: 
    N/A

    * Expression: 
    +--------------------------------------+----------+-------+---+----+------------+------------+
    |             Variable Name            | Operation| DSP48E| FF| LUT| Bitwidth P0| Bitwidth P1|
    +--------------------------------------+----------+-------+---+----+------------+------------+
    |mul_ln11_fu_197_p2                    |     *    |      0|  0|  41|           8|           8|
    |i_fu_169_p2                           |     +    |      0|  0|  15|           1|           9|
    |j_fu_185_p2                           |     +    |      0|  0|  15|           1|           9|
    |icmp_ln10_fu_179_p2                   |   icmp   |      0|  0|  13|           9|          10|
    |icmp_ln9_fu_163_p2                    |   icmp   |      0|  0|  13|           9|          10|
    |ap_block_state5_on_subcall_done       |    or    |      0|  0|   2|           1|           1|
    |ap_sync_grp_muladdim_fu_143_ap_done   |    or    |      0|  0|   2|           1|           1|
    |ap_sync_grp_muladdim_fu_143_ap_ready  |    or    |      0|  0|   2|           1|           1|
    |ap_sync_grp_muladdre_fu_127_ap_done   |    or    |      0|  0|   2|           1|           1|
    |ap_sync_grp_muladdre_fu_127_ap_ready  |    or    |      0|  0|   2|           1|           1|
    +--------------------------------------+----------+-------+---+----+------------+------------+
    |Total                                 |          |      0|  0| 107|          33|          51|
    +--------------------------------------+----------+-------+---+----+------------+------------+

    * Multiplexer: 
    +-------------+----+-----------+-----+-----------+
    |     Name    | LUT| Input Size| Bits| Total Bits|
    +-------------+----+-----------+-----+-----------+
    |ap_NS_fsm    |  33|          6|    1|          6|
    |i_0_reg_104  |   9|          2|    9|         18|
    |j_0_reg_116  |   9|          2|    9|         18|
    +-------------+----+-----------+-----+-----------+
    |Total        |  51|         10|   19|         42|
    +-------------+----+-----------+-----+-----------+

    * Register: 
    +------------------------------------------+----+----+-----+-----------+
    |                   Name                   | FF | LUT| Bits| Const Bits|
    +------------------------------------------+----+----+-----+-----------+
    |ap_CS_fsm                                 |   5|   0|    5|          0|
    |ap_sync_reg_grp_muladdim_fu_143_ap_done   |   1|   0|    1|          0|
    |ap_sync_reg_grp_muladdim_fu_143_ap_ready  |   1|   0|    1|          0|
    |ap_sync_reg_grp_muladdre_fu_127_ap_done   |   1|   0|    1|          0|
    |ap_sync_reg_grp_muladdre_fu_127_ap_ready  |   1|   0|    1|          0|
    |cos_coefficients_tab_2_reg_261            |  32|   0|   32|          0|
    |grp_muladdim_fu_143_ap_start_reg          |   1|   0|    1|          0|
    |grp_muladdre_fu_127_ap_start_reg          |   1|   0|    1|          0|
    |i_0_reg_104                               |   9|   0|    9|          0|
    |i_reg_216                                 |   9|   0|    9|          0|
    |imag_sample_load_1_reg_278                |  32|   0|   32|          0|
    |imag_sample_load_reg_256                  |  32|   0|   32|          0|
    |j_0_reg_116                               |   9|   0|    9|          0|
    |j_reg_224                                 |   9|   0|    9|          0|
    |real_sample_load_1_reg_273                |  32|   0|   32|          0|
    |real_sample_load_reg_251                  |  32|   0|   32|          0|
    |sin_coefficients_tab_2_reg_267            |  32|   0|   32|          0|
    |trunc_ln11_reg_208                        |   8|   0|    8|          0|
    +------------------------------------------+----+----+-----+-----------+
    |Total                                     | 247|   0|  247|          0|
    +------------------------------------------+----+----+-----+-----------+



================================================================
== Interface
================================================================
* Summary: 
+----------------------+-----+-----+------------+--------------+--------------+
|       RTL Ports      | Dir | Bits|  Protocol  | Source Object|    C Type    |
+----------------------+-----+-----+------------+--------------+--------------+
|ap_clk                |  in |    1| ap_ctrl_hs |      dft     | return value |
|ap_rst                |  in |    1| ap_ctrl_hs |      dft     | return value |
|ap_start              |  in |    1| ap_ctrl_hs |      dft     | return value |
|ap_done               | out |    1| ap_ctrl_hs |      dft     | return value |
|ap_idle               | out |    1| ap_ctrl_hs |      dft     | return value |
|ap_ready              | out |    1| ap_ctrl_hs |      dft     | return value |
|real_sample_address0  | out |    8|  ap_memory |  real_sample |     array    |
|real_sample_ce0       | out |    1|  ap_memory |  real_sample |     array    |
|real_sample_q0        |  in |   32|  ap_memory |  real_sample |     array    |
|real_sample_address1  | out |    8|  ap_memory |  real_sample |     array    |
|real_sample_ce1       | out |    1|  ap_memory |  real_sample |     array    |
|real_sample_q1        |  in |   32|  ap_memory |  real_sample |     array    |
|imag_sample_address0  | out |    8|  ap_memory |  imag_sample |     array    |
|imag_sample_ce0       | out |    1|  ap_memory |  imag_sample |     array    |
|imag_sample_q0        |  in |   32|  ap_memory |  imag_sample |     array    |
|imag_sample_address1  | out |    8|  ap_memory |  imag_sample |     array    |
|imag_sample_ce1       | out |    1|  ap_memory |  imag_sample |     array    |
|imag_sample_q1        |  in |   32|  ap_memory |  imag_sample |     array    |
|real_out_address0     | out |    8|  ap_memory |   real_out   |     array    |
|real_out_ce0          | out |    1|  ap_memory |   real_out   |     array    |
|real_out_we0          | out |    1|  ap_memory |   real_out   |     array    |
|real_out_d0           | out |   32|  ap_memory |   real_out   |     array    |
|real_out_q0           |  in |   32|  ap_memory |   real_out   |     array    |
|imag_out_address0     | out |    8|  ap_memory |   imag_out   |     array    |
|imag_out_ce0          | out |    1|  ap_memory |   imag_out   |     array    |
|imag_out_we0          | out |    1|  ap_memory |   imag_out   |     array    |
|imag_out_d0           | out |   32|  ap_memory |   imag_out   |     array    |
|imag_out_q0           |  in |   32|  ap_memory |   imag_out   |     array    |
+----------------------+-----+-----+------------+--------------+--------------+

