

================================================================
== Vivado HLS Report for 'cordiccart2pol'
================================================================
* Date:           Tue Oct 20 17:40:21 2020

* Version:        2020.1 (Build 2897737 on Wed May 27 20:21:37 MDT 2020)
* Project:        cordiccart2pol
* Solution:       solution6
* Product family: zynq
* Target device:  xc7z020-clg400-1


================================================================
== Performance Estimates
================================================================
+ Timing: 
    * Summary: 
    +--------+----------+----------+------------+
    |  Clock |  Target  | Estimated| Uncertainty|
    +--------+----------+----------+------------+
    |ap_clk  | 10.00 ns | 8.700 ns |   1.25 ns  |
    +--------+----------+----------+------------+

+ Latency: 
    * Summary: 
    +---------+---------+----------+----------+-----+-----+---------+
    |  Latency (cycles) |  Latency (absolute) |  Interval | Pipeline|
    |   min   |   max   |    min   |    max   | min | max |   Type  |
    +---------+---------+----------+----------+-----+-----+---------+
    |       15|       15| 0.150 us | 0.150 us |   15|   15|   none  |
    +---------+---------+----------+----------+-----+-----+---------+

    + Detail: 
        * Instance: 
        N/A

        * Loop: 
        N/A



================================================================
== Utilization Estimates
================================================================
* Summary: 
+-----------------+---------+-------+--------+-------+-----+
|       Name      | BRAM_18K| DSP48E|   FF   |  LUT  | URAM|
+-----------------+---------+-------+--------+-------+-----+
|DSP              |        -|      -|       -|      -|    -|
|Expression       |        -|      -|      80|   7404|    -|
|FIFO             |        -|      -|       -|      -|    -|
|Instance         |        -|      0|     200|    276|    -|
|Memory           |        -|      -|       -|      -|    -|
|Multiplexer      |        -|      -|       -|    157|    -|
|Register         |        -|      -|    1863|      -|    -|
+-----------------+---------+-------+--------+-------+-----+
|Total            |        0|      0|    2143|   7837|    0|
+-----------------+---------+-------+--------+-------+-----+
|Available        |      280|    220|  106400|  53200|    0|
+-----------------+---------+-------+--------+-------+-----+
|Utilization (%)  |        0|      0|       2|     14|    0|
+-----------------+---------+-------+--------+-------+-----+

+ Detail: 
    * Instance: 
    +-------------------------+----------------------+---------+-------+-----+-----+-----+
    |         Instance        |        Module        | BRAM_18K| DSP48E|  FF | LUT | URAM|
    +-------------------------+----------------------+---------+-------+-----+-----+-----+
    |cordiccart2pol_fpbkb_U1  |cordiccart2pol_fpbkb  |        0|      0|  100|  138|    0|
    |cordiccart2pol_fpbkb_U2  |cordiccart2pol_fpbkb  |        0|      0|  100|  138|    0|
    +-------------------------+----------------------+---------+-------+-----+-----+-----+
    |Total                    |                      |        0|      0|  200|  276|    0|
    +-------------------------+----------------------+---------+-------+-----+-----+-----+

    * DSP48E: 
    N/A

    * Memory: 
    N/A

    * FIFO: 
    N/A

    * Expression: 
    +-----------------------------+----------+-------+----+-----+------------+------------+
    |        Variable Name        | Operation| DSP48E| FF | LUT | Bitwidth P0| Bitwidth P1|
    +-----------------------------+----------+-------+----+-----+------------+------------+
    |add_ln581_1_fu_456_p2        |     +    |      0|   0|   12|           6|          12|
    |add_ln581_fu_348_p2          |     +    |      0|   0|   12|           6|          12|
    |add_ln703_10_fu_1164_p2      |     +    |      0|   0|   34|          23|          27|
    |add_ln703_11_fu_1250_p2      |     +    |      0|   0|   34|          27|          27|
    |add_ln703_12_fu_1312_p2      |     +    |      0|   0|   34|          21|          27|
    |add_ln703_13_fu_1294_p2      |     +    |      0|   0|   34|          27|          27|
    |add_ln703_14_fu_1317_p2      |     +    |      0|   0|   34|          22|          27|
    |add_ln703_15_fu_1377_p2      |     +    |      0|   0|   34|          27|          27|
    |add_ln703_16_fu_1403_p2      |     +    |      0|   0|   34|          20|          27|
    |add_ln703_17_fu_1427_p2      |     +    |      0|   0|   34|          27|          27|
    |add_ln703_18_fu_1433_p2      |     +    |      0|   0|   34|          21|          27|
    |add_ln703_19_fu_1519_p2      |     +    |      0|   0|   34|          27|          27|
    |add_ln703_1_fu_875_p2        |     +    |      0|   0|   34|          24|          27|
    |add_ln703_20_fu_1581_p2      |     +    |      0|   0|   34|          19|          27|
    |add_ln703_21_fu_1563_p2      |     +    |      0|   0|   34|          27|          27|
    |add_ln703_22_fu_1586_p2      |     +    |      0|   0|   34|          20|          27|
    |add_ln703_23_fu_1646_p2      |     +    |      0|   0|   34|          27|          27|
    |add_ln703_24_fu_1672_p2      |     +    |      0|   0|   34|          18|          27|
    |add_ln703_25_fu_1696_p2      |     +    |      0|   0|   34|          27|          27|
    |add_ln703_26_fu_1702_p2      |     +    |      0|   0|   34|          19|          27|
    |add_ln703_27_fu_1817_p2      |     +    |      0|   0|   34|          27|          27|
    |add_ln703_28_fu_1830_p2      |     +    |      0|   0|   34|          17|          27|
    |add_ln703_29_fu_1843_p2      |     +    |      0|   0|   34|          27|          27|
    |add_ln703_2_fu_895_p2        |     +    |      0|   0|   34|          25|          27|
    |add_ln703_30_fu_1848_p2      |     +    |      0|   0|   34|          18|          27|
    |add_ln703_31_fu_1912_p2      |     +    |      0|   0|   34|          27|          27|
    |add_ln703_32_fu_2000_p2      |     +    |      0|   0|   34|          16|          27|
    |add_ln703_33_fu_1956_p2      |     +    |      0|   0|   34|          27|          27|
    |add_ln703_34_fu_2005_p2      |     +    |      0|   0|   34|          17|          27|
    |add_ln703_35_fu_2054_p2      |     +    |      0|   0|   34|          27|          27|
    |add_ln703_36_fu_2068_p2      |     +    |      0|   0|   34|          15|          27|
    |add_ln703_37_fu_2091_p2      |     +    |      0|   0|   34|          27|          27|
    |add_ln703_38_fu_2097_p2      |     +    |      0|   0|   34|          16|          27|
    |add_ln703_39_fu_2182_p2      |     +    |      0|   0|   34|          27|          27|
    |add_ln703_3_fu_981_p2        |     +    |      0|   0|   34|          27|          27|
    |add_ln703_40_fu_2218_p2      |     +    |      0|   0|   34|          14|          27|
    |add_ln703_41_fu_2223_p2      |     +    |      0|   0|   34|          15|          27|
    |add_ln703_42_fu_2480_p2      |     +    |      0|   0|    8|          27|          27|
    |add_ln703_43_fu_2486_p2      |     +    |      0|   0|   30|          23|          23|
    |add_ln703_44_fu_2496_p2      |     +    |      0|   0|    8|          27|          27|
    |add_ln703_45_fu_2502_p2      |     +    |      0|   0|    8|          20|          20|
    |add_ln703_46_fu_2508_p2      |     +    |      0|   0|   24|          17|          17|
    |add_ln703_47_fu_2518_p2      |     +    |      0|   0|    8|          20|          20|
    |add_ln703_48_fu_2575_p2      |     +    |      0|   0|    8|          27|          27|
    |add_ln703_49_fu_2524_p2      |     +    |      0|   0|   19|          14|          14|
    |add_ln703_4_fu_1043_p2       |     +    |      0|   0|   34|          23|          27|
    |add_ln703_50_fu_2530_p2      |     +    |      0|   0|   14|          10|          10|
    |add_ln703_51_fu_2583_p2      |     +    |      0|   0|    8|          14|          14|
    |add_ln703_52_fu_2536_p2      |     +    |      0|   0|    8|           7|           7|
    |add_ln703_53_fu_2542_p2      |     +    |      0|   0|   15|           5|           5|
    |add_ln703_54_fu_2552_p2      |     +    |      0|   0|    8|           7|           7|
    |add_ln703_55_fu_2591_p2      |     +    |      0|   0|    8|          14|          14|
    |add_ln703_56_fu_2601_p2      |     +    |      0|   0|    8|          27|          27|
    |add_ln703_5_fu_1025_p2       |     +    |      0|   0|   34|          27|          27|
    |add_ln703_6_fu_1048_p2       |     +    |      0|   0|   34|          24|          27|
    |add_ln703_7_fu_1108_p2       |     +    |      0|   0|   34|          27|          27|
    |add_ln703_8_fu_1134_p2       |     +    |      0|   0|   34|          22|          27|
    |add_ln703_9_fu_1158_p2       |     +    |      0|   0|   34|          27|          27|
    |add_ln703_fu_863_p2          |     +    |      0|   0|   34|          27|          27|
    |add_ln949_1_fu_2964_p2       |     +    |      0|   0|   34|           6|          27|
    |add_ln949_fu_2742_p2         |     +    |      0|   0|   34|           6|          27|
    |add_ln958_1_fu_3058_p2       |     +    |      0|   0|   39|           6|          32|
    |add_ln958_fu_2830_p2         |     +    |      0|   0|   39|           6|          32|
    |add_ln964_1_fu_3125_p2       |     +    |      0|   0|    8|           8|           8|
    |add_ln964_fu_3018_p2         |     +    |      0|   0|    8|           8|           8|
    |lsb_index_1_fu_2891_p2       |     +    |      0|   0|   39|           6|          32|
    |lsb_index_fu_2669_p2         |     +    |      0|   0|   39|           6|          32|
    |m_12_fu_3087_p2              |     +    |      0|   0|   39|          32|          32|
    |m_2_fu_2859_p2               |     +    |      0|   0|   39|          32|          32|
    |F2_1_fu_444_p2               |     -    |      0|   0|   12|          11|          12|
    |F2_fu_336_p2                 |     -    |      0|   0|   12|          11|          12|
    |man_V_1_fu_316_p2            |     -    |      0|   0|   61|           1|          54|
    |man_V_4_fu_424_p2            |     -    |      0|   0|   61|           1|          54|
    |sub_ln581_1_fu_462_p2        |     -    |      0|   0|   12|           5|          12|
    |sub_ln581_fu_354_p2          |     -    |      0|   0|   12|           5|          12|
    |sub_ln703_10_fu_1539_p2      |     -    |      0|   0|   34|          27|          27|
    |sub_ln703_11_fu_1557_p2      |     -    |      0|   0|   34|          27|          27|
    |sub_ln703_12_fu_1666_p2      |     -    |      0|   0|   34|          27|          27|
    |sub_ln703_13_fu_1690_p2      |     -    |      0|   0|   34|          27|          27|
    |sub_ln703_14_fu_1825_p2      |     -    |      0|   0|   34|          27|          27|
    |sub_ln703_15_fu_1838_p2      |     -    |      0|   0|   34|          27|          27|
    |sub_ln703_16_fu_1932_p2      |     -    |      0|   0|   34|          27|          27|
    |sub_ln703_17_fu_1950_p2      |     -    |      0|   0|   34|          27|          27|
    |sub_ln703_18_fu_2062_p2      |     -    |      0|   0|   34|          27|          27|
    |sub_ln703_19_fu_2086_p2      |     -    |      0|   0|   34|          27|          27|
    |sub_ln703_1_fu_889_p2        |     -    |      0|   0|   34|          27|          27|
    |sub_ln703_20_fu_2200_p2      |     -    |      0|   0|   34|          27|          27|
    |sub_ln703_2_fu_1001_p2       |     -    |      0|   0|   34|          27|          27|
    |sub_ln703_3_fu_1019_p2       |     -    |      0|   0|   34|          27|          27|
    |sub_ln703_4_fu_1128_p2       |     -    |      0|   0|   34|          27|          27|
    |sub_ln703_5_fu_1152_p2       |     -    |      0|   0|   34|          27|          27|
    |sub_ln703_6_fu_1270_p2       |     -    |      0|   0|   34|          27|          27|
    |sub_ln703_7_fu_1288_p2       |     -    |      0|   0|   34|          27|          27|
    |sub_ln703_8_fu_1397_p2       |     -    |      0|   0|   34|          27|          27|
    |sub_ln703_9_fu_1421_p2       |     -    |      0|   0|   34|          27|          27|
    |sub_ln703_fu_869_p2          |     -    |      0|   0|   34|          27|          27|
    |sub_ln939_fu_2607_p2         |     -    |      0|   0|   33|           1|          26|
    |sub_ln944_1_fu_2882_p2       |     -    |      0|   0|   39|           5|          32|
    |sub_ln944_fu_2660_p2         |     -    |      0|   0|   39|           5|          32|
    |sub_ln947_1_fu_2917_p2       |     -    |      0|   0|   15|           5|           5|
    |sub_ln947_fu_2695_p2         |     -    |      0|   0|   15|           5|           5|
    |sub_ln958_1_fu_3069_p2       |     -    |      0|   0|   39|           5|          32|
    |sub_ln958_fu_2841_p2         |     -    |      0|   0|   39|           5|          32|
    |sub_ln964_1_fu_3120_p2       |     -    |      0|   0|    8|           2|           8|
    |sub_ln964_fu_3013_p2         |     -    |      0|   0|    8|           2|           8|
    |tmp_V_fu_2786_p2             |     -    |      0|   0|   34|           1|          27|
    |a_1_fu_2944_p2               |    and   |      0|   0|    2|           1|           1|
    |a_fu_2722_p2                 |    and   |      0|   0|    2|           1|           1|
    |and_ln1494_fu_784_p2         |    and   |      0|   0|    2|           1|           1|
    |and_ln1495_10_fu_2212_p2     |    and   |      0|   0|    2|           1|           1|
    |and_ln1495_1_fu_1037_p2      |    and   |      0|   0|    2|           1|           1|
    |and_ln1495_2_fu_1184_p2      |    and   |      0|   0|    2|           1|           1|
    |and_ln1495_3_fu_1306_p2      |    and   |      0|   0|    2|           1|           1|
    |and_ln1495_4_fu_1453_p2      |    and   |      0|   0|    2|           1|           1|
    |and_ln1495_5_fu_1575_p2      |    and   |      0|   0|    2|           1|           1|
    |and_ln1495_6_fu_1722_p2      |    and   |      0|   0|    2|           1|           1|
    |and_ln1495_7_fu_1808_p2      |    and   |      0|   0|    2|           1|           1|
    |and_ln1495_8_fu_1976_p2      |    and   |      0|   0|    2|           1|           1|
    |and_ln1495_9_fu_2116_p2      |    and   |      0|   0|    2|           1|           1|
    |and_ln1495_fu_915_p2         |    and   |      0|   0|    2|           1|           1|
    |and_ln581_1_fu_686_p2        |    and   |      0|   0|    2|           1|           1|
    |and_ln581_fu_558_p2          |    and   |      0|   0|    2|           1|           1|
    |and_ln582_1_fu_664_p2        |    and   |      0|   0|    2|           1|           1|
    |and_ln582_fu_536_p2          |    and   |      0|   0|    2|           1|           1|
    |and_ln585_1_fu_583_p2        |    and   |      0|   0|    2|           1|           1|
    |and_ln585_2_fu_697_p2        |    and   |      0|   0|    2|           1|           1|
    |and_ln585_3_fu_711_p2        |    and   |      0|   0|    2|           1|           1|
    |and_ln585_fu_569_p2          |    and   |      0|   0|    2|           1|           1|
    |and_ln603_1_fu_736_p2        |    and   |      0|   0|    2|           1|           1|
    |and_ln603_fu_608_p2          |    and   |      0|   0|    2|           1|           1|
    |and_ln949_1_fu_2977_p2       |    and   |      0|   0|    2|           1|           1|
    |and_ln949_fu_2755_p2         |    and   |      0|   0|    2|           1|           1|
    |p_Result_13_fu_2933_p2       |    and   |      0|   0|   27|          27|          27|
    |p_Result_8_fu_2711_p2        |    and   |      0|   0|   27|          27|          27|
    |ashr_ln586_1_fu_631_p2       |   ashr   |      0|   0|  162|          54|          54|
    |ashr_ln586_fu_503_p2         |   ashr   |      0|   0|  162|          54|          54|
    |l_1_fu_2815_p3               |   cttz   |      0|  40|   36|          32|           0|
    |l_fu_2640_p3                 |   cttz   |      0|  40|   36|          32|           0|
    |icmp_ln1494_10_fu_2034_p2    |   icmp   |      0|   0|   18|          27|           1|
    |icmp_ln1494_11_fu_2162_p2    |   icmp   |      0|   0|   18|          27|           1|
    |icmp_ln1494_1_fu_857_p2      |   icmp   |      0|   0|   18|          27|           1|
    |icmp_ln1494_2_fu_961_p2      |   icmp   |      0|   0|   18|          27|           1|
    |icmp_ln1494_3_fu_1088_p2     |   icmp   |      0|   0|   18|          27|           1|
    |icmp_ln1494_4_fu_1230_p2     |   icmp   |      0|   0|   18|          27|           1|
    |icmp_ln1494_5_fu_1357_p2     |   icmp   |      0|   0|   18|          27|           1|
    |icmp_ln1494_6_fu_1499_p2     |   icmp   |      0|   0|   18|          27|           1|
    |icmp_ln1494_7_fu_1626_p2     |   icmp   |      0|   0|   18|          27|           1|
    |icmp_ln1494_8_fu_1768_p2     |   icmp   |      0|   0|   18|          27|           1|
    |icmp_ln1494_9_fu_1892_p2     |   icmp   |      0|   0|   18|          27|           1|
    |icmp_ln1494_fu_778_p2        |   icmp   |      0|   0|   18|          27|           1|
    |icmp_ln571_1_fu_438_p2       |   icmp   |      0|   0|   29|          63|           1|
    |icmp_ln571_fu_330_p2         |   icmp   |      0|   0|   29|          63|           1|
    |icmp_ln581_1_fu_450_p2       |   icmp   |      0|   0|   13|          12|           5|
    |icmp_ln581_fu_342_p2         |   icmp   |      0|   0|   13|          12|           5|
    |icmp_ln582_1_fu_476_p2       |   icmp   |      0|   0|   13|          12|           5|
    |icmp_ln582_fu_368_p2         |   icmp   |      0|   0|   13|          12|           5|
    |icmp_ln585_1_fu_617_p2       |   icmp   |      0|   0|   13|          12|           6|
    |icmp_ln585_fu_489_p2         |   icmp   |      0|   0|   13|          12|           6|
    |icmp_ln603_1_fu_622_p2       |   icmp   |      0|   0|   13|          12|           5|
    |icmp_ln603_fu_494_p2         |   icmp   |      0|   0|   13|          12|           5|
    |icmp_ln935_1_fu_2781_p2      |   icmp   |      0|   0|   18|          27|           1|
    |icmp_ln935_fu_2558_p2        |   icmp   |      0|   0|   18|          27|           1|
    |icmp_ln947_1_fu_2716_p2      |   icmp   |      0|   0|   18|          27|           1|
    |icmp_ln947_2_fu_2907_p2      |   icmp   |      0|   0|   18|          31|           1|
    |icmp_ln947_3_fu_2938_p2      |   icmp   |      0|   0|   18|          27|           1|
    |icmp_ln947_fu_2685_p2        |   icmp   |      0|   0|   18|          31|           1|
    |icmp_ln958_1_fu_2997_p2      |   icmp   |      0|   0|   18|          32|           1|
    |icmp_ln958_fu_2775_p2        |   icmp   |      0|   0|   18|          32|           1|
    |lshr_ln947_1_fu_2927_p2      |   lshr   |      0|   0|   81|           2|          27|
    |lshr_ln947_fu_2705_p2        |   lshr   |      0|   0|   81|           2|          27|
    |lshr_ln958_1_fu_3063_p2      |   lshr   |      0|   0|  101|          32|          32|
    |lshr_ln958_fu_2835_p2        |   lshr   |      0|   0|  101|          32|          32|
    |ap_block_state1              |    or    |      0|   0|    2|           1|           1|
    |or_ln1494_fu_806_p2          |    or    |      0|   0|    2|           1|           1|
    |or_ln581_1_fu_725_p2         |    or    |      0|   0|    2|           1|           1|
    |or_ln581_fu_597_p2           |    or    |      0|   0|    2|           1|           1|
    |or_ln582_1_fu_676_p2         |    or    |      0|   0|    2|           1|           1|
    |or_ln582_fu_548_p2           |    or    |      0|   0|    2|           1|           1|
    |or_ln949_2_fu_2761_p2        |    or    |      0|   0|    2|           1|           1|
    |or_ln949_fu_2983_p2          |    or    |      0|   0|    2|           1|           1|
    |m_10_fu_3080_p3              |  select  |      0|   0|   32|           1|          32|
    |m_1_fu_2852_p3               |  select  |      0|   0|   32|           1|          32|
    |man_V_2_fu_322_p3            |  select  |      0|   0|   54|           1|          54|
    |man_V_5_fu_430_p3            |  select  |      0|   0|   54|           1|          54|
    |r                            |  select  |      0|   0|   32|           1|           1|
    |select_ln1494_10_fu_1214_p3  |  select  |      0|   0|   27|           1|          27|
    |select_ln1494_11_fu_1322_p3  |  select  |      0|   0|   27|           1|          27|
    |select_ln1494_12_fu_1333_p3  |  select  |      0|   0|   27|           1|          27|
    |select_ln1494_13_fu_1344_p3  |  select  |      0|   0|   27|           1|          27|
    |select_ln1494_14_fu_1439_p3  |  select  |      0|   0|   27|           1|          27|
    |select_ln1494_15_fu_1467_p3  |  select  |      0|   0|   27|           1|          27|
    |select_ln1494_16_fu_1483_p3  |  select  |      0|   0|   27|           1|          27|
    |select_ln1494_17_fu_1591_p3  |  select  |      0|   0|   27|           1|          27|
    |select_ln1494_18_fu_1602_p3  |  select  |      0|   0|   27|           1|          27|
    |select_ln1494_19_fu_1613_p3  |  select  |      0|   0|   27|           1|          27|
    |select_ln1494_1_fu_812_p3    |  select  |      0|   0|   26|           1|          26|
    |select_ln1494_20_fu_1708_p3  |  select  |      0|   0|   27|           1|          27|
    |select_ln1494_21_fu_1736_p3  |  select  |      0|   0|   27|           1|          27|
    |select_ln1494_22_fu_1752_p3  |  select  |      0|   0|   27|           1|          27|
    |select_ln1494_23_fu_1853_p3  |  select  |      0|   0|   27|           1|          27|
    |select_ln1494_24_fu_1866_p3  |  select  |      0|   0|   27|           1|          27|
    |select_ln1494_25_fu_1879_p3  |  select  |      0|   0|   27|           1|          27|
    |select_ln1494_26_fu_1962_p3  |  select  |      0|   0|   27|           1|          27|
    |select_ln1494_27_fu_2010_p3  |  select  |      0|   0|   27|           1|          27|
    |select_ln1494_28_fu_2021_p3  |  select  |      0|   0|   27|           1|          27|
    |select_ln1494_29_fu_2103_p3  |  select  |      0|   0|   27|           1|          27|
    |select_ln1494_2_fu_901_p3    |  select  |      0|   0|   27|           1|          27|
    |select_ln1494_30_fu_2130_p3  |  select  |      0|   0|   27|           1|          27|
    |select_ln1494_31_fu_2146_p3  |  select  |      0|   0|   27|           1|          27|
    |select_ln1494_32_fu_2228_p3  |  select  |      0|   0|   27|           1|          27|
    |select_ln1494_33_fu_2239_p3  |  select  |      0|   0|   27|           1|          27|
    |select_ln1494_3_fu_929_p3    |  select  |      0|   0|   27|           1|          27|
    |select_ln1494_4_fu_945_p3    |  select  |      0|   0|   27|           1|          27|
    |select_ln1494_5_fu_1053_p3   |  select  |      0|   0|   27|           1|          27|
    |select_ln1494_6_fu_1064_p3   |  select  |      0|   0|   27|           1|          27|
    |select_ln1494_7_fu_1075_p3   |  select  |      0|   0|   27|           1|          27|
    |select_ln1494_8_fu_1170_p3   |  select  |      0|   0|   27|           1|          27|
    |select_ln1494_9_fu_1198_p3   |  select  |      0|   0|   27|           1|          27|
    |select_ln1494_fu_798_p3      |  select  |      0|   0|   26|           1|          25|
    |select_ln1495_10_fu_1338_p3  |  select  |      0|   0|   27|           1|          27|
    |select_ln1495_11_fu_1350_p3  |  select  |      0|   0|   27|           1|          27|
    |select_ln1495_12_fu_1459_p3  |  select  |      0|   0|   27|           1|          27|
    |select_ln1495_13_fu_1475_p3  |  select  |      0|   0|   27|           1|          27|
    |select_ln1495_14_fu_1491_p3  |  select  |      0|   0|   27|           1|          27|
    |select_ln1495_15_fu_1596_p3  |  select  |      0|   0|   27|           1|          27|
    |select_ln1495_16_fu_1607_p3  |  select  |      0|   0|   27|           1|          27|
    |select_ln1495_17_fu_1619_p3  |  select  |      0|   0|   27|           1|          27|
    |select_ln1495_18_fu_1728_p3  |  select  |      0|   0|   27|           1|          27|
    |select_ln1495_19_fu_1744_p3  |  select  |      0|   0|   27|           1|          27|
    |select_ln1495_1_fu_937_p3    |  select  |      0|   0|   27|           1|          27|
    |select_ln1495_20_fu_1760_p3  |  select  |      0|   0|   27|           1|          27|
    |select_ln1495_21_fu_1859_p3  |  select  |      0|   0|   27|           1|          27|
    |select_ln1495_22_fu_1872_p3  |  select  |      0|   0|   27|           1|          27|
    |select_ln1495_23_fu_1885_p3  |  select  |      0|   0|   27|           1|          27|
    |select_ln1495_24_fu_1982_p3  |  select  |      0|   0|   27|           1|          27|
    |select_ln1495_25_fu_2015_p3  |  select  |      0|   0|   27|           1|          27|
    |select_ln1495_26_fu_2027_p3  |  select  |      0|   0|   27|           1|          27|
    |select_ln1495_27_fu_2122_p3  |  select  |      0|   0|   27|           1|          27|
    |select_ln1495_28_fu_2138_p3  |  select  |      0|   0|   27|           1|          27|
    |select_ln1495_29_fu_2154_p3  |  select  |      0|   0|   27|           1|          27|
    |select_ln1495_2_fu_953_p3    |  select  |      0|   0|   27|           1|          27|
    |select_ln1495_30_fu_2233_p3  |  select  |      0|   0|   27|           1|          27|
    |select_ln1495_31_fu_2245_p3  |  select  |      0|   0|   27|           1|          27|
    |select_ln1495_3_fu_1058_p3   |  select  |      0|   0|   27|           1|          27|
    |select_ln1495_4_fu_1069_p3   |  select  |      0|   0|   27|           1|          27|
    |select_ln1495_5_fu_1081_p3   |  select  |      0|   0|   27|           1|          27|
    |select_ln1495_6_fu_1190_p3   |  select  |      0|   0|   27|           1|          27|
    |select_ln1495_7_fu_1206_p3   |  select  |      0|   0|   27|           1|          27|
    |select_ln1495_8_fu_1222_p3   |  select  |      0|   0|   27|           1|          27|
    |select_ln1495_9_fu_1327_p3   |  select  |      0|   0|   27|           1|          27|
    |select_ln1495_fu_921_p3      |  select  |      0|   0|   27|           1|          27|
    |select_ln582_1_fu_669_p3     |  select  |      0|   0|   27|           1|          27|
    |select_ln582_fu_541_p3       |  select  |      0|   0|   27|           1|          27|
    |select_ln585_1_fu_589_p3     |  select  |      0|   0|   27|           1|          27|
    |select_ln585_2_fu_703_p3     |  select  |      0|   0|   27|           1|          27|
    |select_ln585_3_fu_717_p3     |  select  |      0|   0|   27|           1|          27|
    |select_ln585_fu_575_p3       |  select  |      0|   0|   27|           1|          27|
    |select_ln588_1_fu_651_p3     |  select  |      0|   0|    2|           1|           2|
    |select_ln588_fu_523_p3       |  select  |      0|   0|    2|           1|           2|
    |select_ln964_1_fu_3113_p3    |  select  |      0|   0|    7|           1|           7|
    |select_ln964_fu_3006_p3      |  select  |      0|   0|    7|           1|           7|
    |sh_amt_1_fu_468_p3           |  select  |      0|   0|   12|           1|          12|
    |sh_amt_fu_360_p3             |  select  |      0|   0|   12|           1|          12|
    |theta                        |  select  |      0|   0|   32|           1|           1|
    |tmp_V_3_fu_2612_p3           |  select  |      0|   0|   26|           1|          26|
    |tmp_V_4_fu_2791_p3           |  select  |      0|   0|   27|           1|          27|
    |xfix_V_2_fu_830_p3           |  select  |      0|   0|   27|           1|          27|
    |xfix_V_3_fu_836_p3           |  select  |      0|   0|   27|           1|          27|
    |xfix_V_4_fu_750_p3           |  select  |      0|   0|   27|           1|          27|
    |yfix_V_2_fu_842_p3           |  select  |      0|   0|   27|           1|          27|
    |yfix_V_3_fu_847_p3           |  select  |      0|   0|   27|           1|          27|
    |yfix_V_4_fu_764_p3           |  select  |      0|   0|   27|           1|          27|
    |shl_ln604_1_fu_759_p2        |    shl   |      0|   0|   81|          27|          27|
    |shl_ln604_fu_745_p2          |    shl   |      0|   0|   81|          27|          27|
    |shl_ln958_1_fu_3074_p2       |    shl   |      0|   0|  101|          32|          32|
    |shl_ln958_fu_2846_p2         |    shl   |      0|   0|  101|          32|          32|
    |r_V_1_fu_825_p2              |    xor   |      0|   0|   27|          27|           2|
    |r_V_fu_820_p2                |    xor   |      0|   0|   27|          27|           2|
    |xor_ln1494_10_fu_2206_p2     |    xor   |      0|   0|    2|           1|           2|
    |xor_ln1494_1_fu_1031_p2      |    xor   |      0|   0|    2|           1|           2|
    |xor_ln1494_2_fu_1178_p2      |    xor   |      0|   0|    2|           1|           2|
    |xor_ln1494_3_fu_1300_p2      |    xor   |      0|   0|    2|           1|           2|
    |xor_ln1494_4_fu_1447_p2      |    xor   |      0|   0|    2|           1|           2|
    |xor_ln1494_5_fu_1569_p2      |    xor   |      0|   0|    2|           1|           2|
    |xor_ln1494_6_fu_1716_p2      |    xor   |      0|   0|    2|           1|           2|
    |xor_ln1494_7_fu_1802_p2      |    xor   |      0|   0|    2|           1|           2|
    |xor_ln1494_8_fu_1970_p2      |    xor   |      0|   0|    2|           1|           2|
    |xor_ln1494_9_fu_2110_p2      |    xor   |      0|   0|    2|           1|           2|
    |xor_ln1494_fu_909_p2         |    xor   |      0|   0|    2|           1|           2|
    |xor_ln571_1_fu_659_p2        |    xor   |      0|   0|    2|           1|           2|
    |xor_ln571_fu_531_p2          |    xor   |      0|   0|    2|           1|           2|
    |xor_ln581_1_fu_730_p2        |    xor   |      0|   0|    2|           1|           2|
    |xor_ln581_fu_602_p2          |    xor   |      0|   0|    2|           1|           2|
    |xor_ln582_1_fu_680_p2        |    xor   |      0|   0|    2|           1|           2|
    |xor_ln582_fu_552_p2          |    xor   |      0|   0|    2|           1|           2|
    |xor_ln585_1_fu_691_p2        |    xor   |      0|   0|    2|           1|           2|
    |xor_ln585_fu_563_p2          |    xor   |      0|   0|    2|           1|           2|
    |xor_ln949_1_fu_2958_p2       |    xor   |      0|   0|    2|           1|           2|
    |xor_ln949_fu_2736_p2         |    xor   |      0|   0|    2|           1|           2|
    +-----------------------------+----------+-------+----+-----+------------+------------+
    |Total                        |          |      0|  80| 7404|        3386|        5523|
    +-----------------------------+----------+-------+----+-----+------------+------------+

    * Multiplexer: 
    +-----------------+----+-----------+-----+-----------+
    |       Name      | LUT| Input Size| Bits| Total Bits|
    +-----------------+----+-----------+-----+-----------+
    |ap_NS_fsm        |  85|         17|    1|         17|
    |x_ap_vld_in_sig  |   9|          2|    1|          2|
    |x_ap_vld_preg    |   9|          2|    1|          2|
    |x_blk_n          |   9|          2|    1|          2|
    |x_in_sig         |   9|          2|   32|         64|
    |y_ap_vld_in_sig  |   9|          2|    1|          2|
    |y_ap_vld_preg    |   9|          2|    1|          2|
    |y_blk_n          |   9|          2|    1|          2|
    |y_in_sig         |   9|          2|   32|         64|
    +-----------------+----+-----------+-----+-----------+
    |Total            | 157|         33|   71|        157|
    +-----------------+----+-----------+-----+-----------+

    * Register: 
    +---------------------------+----+----+-----+-----------+
    |            Name           | FF | LUT| Bits| Const Bits|
    +---------------------------+----+----+-----+-----------+
    |add_ln703_11_reg_3382      |  27|   0|   27|          0|
    |add_ln703_13_reg_3397      |  27|   0|   27|          0|
    |add_ln703_19_reg_3433      |  27|   0|   27|          0|
    |add_ln703_21_reg_3448      |  27|   0|   27|          0|
    |add_ln703_33_reg_3529      |  27|   0|   27|          0|
    |add_ln703_39_reg_3570      |  27|   0|   27|          0|
    |add_ln703_3_reg_3331       |  27|   0|   27|          0|
    |add_ln703_44_reg_3592      |  27|   0|   27|          0|
    |add_ln703_47_reg_3597      |  20|   0|   20|          0|
    |add_ln703_49_reg_3602      |  14|   0|   14|          0|
    |add_ln703_50_reg_3607      |  10|   0|   10|          0|
    |add_ln703_54_reg_3612      |   7|   0|    7|          0|
    |add_ln703_56_reg_3628      |  27|   0|   27|          0|
    |add_ln703_5_reg_3346       |  27|   0|   27|          0|
    |and_ln1494_reg_3296        |   1|   0|    1|          0|
    |and_ln1495_10_reg_3580     |   1|   0|    1|          0|
    |and_ln1495_1_reg_3351      |   1|   0|    1|          0|
    |and_ln1495_3_reg_3402      |   1|   0|    1|          0|
    |and_ln1495_5_reg_3453      |   1|   0|    1|          0|
    |and_ln1495_7_reg_3499      |   1|   0|    1|          0|
    |and_ln1495_8_reg_3534      |   1|   0|    1|          0|
    |and_ln603_1_reg_3271       |   1|   0|    1|          0|
    |and_ln603_reg_3256         |   1|   0|    1|          0|
    |ap_CS_fsm                  |  16|   0|   16|          0|
    |icmp_ln1494_11_reg_3564    |   1|   0|    1|          0|
    |icmp_ln1494_2_reg_3324     |   1|   0|    1|          0|
    |icmp_ln1494_4_reg_3375     |   1|   0|    1|          0|
    |icmp_ln1494_6_reg_3426     |   1|   0|    1|          0|
    |icmp_ln1494_8_reg_3481     |   1|   0|    1|          0|
    |icmp_ln1494_9_reg_3518     |   1|   0|    1|          0|
    |icmp_ln571_1_reg_3215      |   1|   0|    1|          0|
    |icmp_ln571_reg_3179        |   1|   0|    1|          0|
    |icmp_ln581_1_reg_3221      |   1|   0|    1|          0|
    |icmp_ln581_reg_3185        |   1|   0|    1|          0|
    |icmp_ln582_1_reg_3234      |   1|   0|    1|          0|
    |icmp_ln582_reg_3198        |   1|   0|    1|          0|
    |icmp_ln935_1_reg_3678      |   1|   0|    1|          0|
    |icmp_ln935_reg_3617        |   1|   0|    1|          0|
    |icmp_ln958_1_reg_3721      |   1|   0|    1|          0|
    |icmp_ln958_reg_3673        |   1|   0|    1|          0|
    |l_1_reg_3690               |  32|   0|   32|          0|
    |l_reg_3646                 |  32|   0|   32|          0|
    |lshr_ln1371_6_reg_3488     |  20|   0|   20|          0|
    |m_3_reg_3726               |  31|   0|   31|          0|
    |m_s_reg_3700               |  31|   0|   31|          0|
    |man_V_2_reg_3174           |  54|   0|   54|          0|
    |man_V_5_reg_3210           |  54|   0|   54|          0|
    |or_ln949_1_reg_3716        |   1|   0|   32|         31|
    |or_ln_reg_3668             |   1|   0|   32|         31|
    |p_Result_20_reg_3622       |   1|   0|    1|          0|
    |p_Result_23_reg_3656       |   1|   0|    1|          0|
    |select_ln1494_1_reg_3302   |  26|   0|   26|          0|
    |select_ln1495_12_reg_3409  |  27|   0|   27|          0|
    |select_ln1495_13_reg_3414  |  27|   0|   27|          0|
    |select_ln1495_14_reg_3419  |  27|   0|   27|          0|
    |select_ln1495_18_reg_3460  |  27|   0|   27|          0|
    |select_ln1495_19_reg_3467  |  27|   0|   27|          0|
    |select_ln1495_1_reg_3312   |  27|   0|   27|          0|
    |select_ln1495_20_reg_3474  |  27|   0|   27|          0|
    |select_ln1495_22_reg_3506  |  27|   0|   27|          0|
    |select_ln1495_23_reg_3511  |  27|   0|   27|          0|
    |select_ln1495_24_reg_3540  |  27|   0|   27|          0|
    |select_ln1495_27_reg_3552  |  27|   0|   27|          0|
    |select_ln1495_29_reg_3557  |  27|   0|   27|          0|
    |select_ln1495_2_reg_3317   |  27|   0|   27|          0|
    |select_ln1495_6_reg_3358   |  27|   0|   27|          0|
    |select_ln1495_7_reg_3363   |  27|   0|   27|          0|
    |select_ln1495_8_reg_3368   |  27|   0|   27|          0|
    |select_ln1495_reg_3307     |  27|   0|   27|          0|
    |select_ln585_1_reg_3251    |  27|   0|   27|          0|
    |select_ln585_3_reg_3266    |  27|   0|   27|          0|
    |sext_ln581_1_reg_3261      |  32|   0|   32|          0|
    |sext_ln581_reg_3246        |  32|   0|   32|          0|
    |sh_amt_1_reg_3227          |  12|   0|   12|          0|
    |sh_amt_reg_3191            |  12|   0|   12|          0|
    |sub_ln703_10_reg_3438      |  27|   0|   27|          0|
    |sub_ln703_11_reg_3443      |  27|   0|   27|          0|
    |sub_ln703_16_reg_3524      |  27|   0|   27|          0|
    |sub_ln703_20_reg_3575      |  27|   0|   27|          0|
    |sub_ln703_2_reg_3336       |  27|   0|   27|          0|
    |sub_ln703_3_reg_3341       |  27|   0|   27|          0|
    |sub_ln703_6_reg_3387       |  27|   0|   27|          0|
    |sub_ln703_7_reg_3392       |  27|   0|   27|          0|
    |sub_ln944_1_reg_3710       |  32|   0|   32|          0|
    |sub_ln944_reg_3662         |  32|   0|   32|          0|
    |tmp_24_reg_3705            |   1|   0|    1|          0|
    |tmp_28_reg_3731            |   1|   0|    1|          0|
    |tmp_8_reg_3290             |   1|   0|    1|          0|
    |tmp_V_3_reg_3635           |  26|   0|   26|          0|
    |tmp_V_4_reg_3683           |  27|   0|   27|          0|
    |trunc_ln1333_1_reg_3494    |  20|   0|   20|          0|
    |trunc_ln1333_5_reg_3547    |  18|   0|   18|          0|
    |trunc_ln1333_reg_3586      |  26|   0|   26|          0|
    |trunc_ln583_1_reg_3240     |  27|   0|   27|          0|
    |trunc_ln583_reg_3204       |  27|   0|   27|          0|
    |trunc_ln943_1_reg_3695     |   8|   0|    8|          0|
    |trunc_ln943_reg_3651       |   8|   0|    8|          0|
    |x_ap_vld_preg              |   1|   0|    1|          0|
    |x_preg                     |  32|   0|   32|          0|
    |xfix_V_4_reg_3276          |  27|   0|   27|          0|
    |y_ap_vld_preg              |   1|   0|    1|          0|
    |y_preg                     |  32|   0|   32|          0|
    |yfix_V_4_reg_3283          |  27|   0|   27|          0|
    |zext_ln938_reg_3640        |  26|   0|   27|          1|
    +---------------------------+----+----+-----+-----------+
    |Total                      |1863|   0| 1926|         63|
    +---------------------------+----+----+-----+-----------+



================================================================
== Interface
================================================================
* Summary: 
+--------------+-----+-----+------------+----------------+--------------+
|   RTL Ports  | Dir | Bits|  Protocol  |  Source Object |    C Type    |
+--------------+-----+-----+------------+----------------+--------------+
|ap_clk        |  in |    1| ap_ctrl_hs | cordiccart2pol | return value |
|ap_rst        |  in |    1| ap_ctrl_hs | cordiccart2pol | return value |
|ap_start      |  in |    1| ap_ctrl_hs | cordiccart2pol | return value |
|ap_done       | out |    1| ap_ctrl_hs | cordiccart2pol | return value |
|ap_idle       | out |    1| ap_ctrl_hs | cordiccart2pol | return value |
|ap_ready      | out |    1| ap_ctrl_hs | cordiccart2pol | return value |
|x             |  in |   32|   ap_vld   |        x       |    scalar    |
|x_ap_vld      |  in |    1|   ap_vld   |        x       |    scalar    |
|y             |  in |   32|   ap_vld   |        y       |    scalar    |
|y_ap_vld      |  in |    1|   ap_vld   |        y       |    scalar    |
|r             | out |   32|   ap_vld   |        r       |    pointer   |
|r_ap_vld      | out |    1|   ap_vld   |        r       |    pointer   |
|theta         | out |   32|   ap_vld   |      theta     |    pointer   |
|theta_ap_vld  | out |    1|   ap_vld   |      theta     |    pointer   |
+--------------+-----+-----+------------+----------------+--------------+

